2014-12-26T11:48:04+01:00 NOTICE (5): Attempting bind with ldap
2014-12-26T11:48:04+01:00 NOTICE (5): Bind successful setting active server.
2014-12-26T11:48:04+01:00 NOTICE (5): Attempting to authenticate gcrebassa
2014-12-26T11:48:05+01:00 NOTICE (5): gcrebassa AUTHENTICATION FAILED!, error output: array (
  0 => 'Invalid credentials',
  1 => '0x31 (Invalid credentials; 80090308: LdapErr: DSID-0C0903A9, comment: AcceptSecurityContext error, data 52e, v1db1): EMEAAD\\gcrebassa',
  2 => 'host=wbrusdc01.has.be.soprabanking,useStartTls=,accountDomainName=has.be.soprabanking,accountDomainNameShort=EMEAAD,accountCanonicalForm=3,baseDn=DC=emea,DC=msad,DC=sopra',
  3 => 'gcrebassa authentication failed: 0x31 (Invalid credentials; 80090308: LdapErr: DSID-0C0903A9, comment: AcceptSecurityContext error, data 52e, v1db1): EMEAAD\\gcrebassa',
)
2014-12-26T11:52:22+01:00 NOTICE (5): Attempting bind with ldap
2014-12-26T11:52:22+01:00 NOTICE (5): Bind successful setting active server.
2014-12-26T11:52:22+01:00 NOTICE (5): Attempting to authenticate gcrebassa
2014-12-26T11:52:22+01:00 NOTICE (5): gcrebassa logged in successfully!
2014-12-26T11:52:22+01:00 NOTICE (5): Attempting bind with ldap
2014-12-26T11:52:22+01:00 NOTICE (5): Bind successful setting active server.
2014-12-26T11:52:22+01:00 NOTICE (5): Attempting to get username entry: uid=gcrebassa,DC=emea,DC=msad,DC=sopra against the active ldap server
2014-12-26T11:52:22+01:00 DEBUG (7): Raw Ldap Object: NULL
2014-12-26T11:52:22+01:00 NOTICE (5): Username entry lookup response: NULL
2014-12-26T13:06:56+01:00 NOTICE (5): Attempting bind with ldap
2014-12-26T13:06:56+01:00 NOTICE (5): Bind successful setting active server.
2014-12-26T13:06:56+01:00 NOTICE (5): Attempting to authenticate gcrebassa
2014-12-26T13:06:56+01:00 NOTICE (5): gcrebassa logged in successfully!
2014-12-26T13:06:56+01:00 NOTICE (5): Attempting bind with ldap
2014-12-26T13:06:56+01:00 NOTICE (5): Bind successful setting active server.
2014-12-26T13:06:56+01:00 NOTICE (5): Attempting to get username entry: uid=gcrebassa,DC=emea,DC=msad,DC=sopra against the active ldap server
2014-12-26T13:06:56+01:00 DEBUG (7): Raw Ldap Object: NULL
2014-12-26T13:06:56+01:00 NOTICE (5): Username entry lookup response: NULL
2014-12-26T13:11:50+01:00 NOTICE (5): Attempting bind with ldap
2014-12-26T13:11:50+01:00 NOTICE (5): Bind successful setting active server.
2014-12-26T13:11:50+01:00 NOTICE (5): Attempting to authenticate gcrebassa
2014-12-26T13:11:50+01:00 NOTICE (5): gcrebassa logged in successfully!
2014-12-26T13:11:50+01:00 NOTICE (5): Attempting bind with ldap
2014-12-26T13:11:50+01:00 NOTICE (5): Bind successful setting active server.
2014-12-26T13:11:50+01:00 NOTICE (5): Attempting to get username entry: uid=gcrebassa,DC=emea,DC=msad,DC=sopra against the active ldap server
2014-12-26T13:11:50+01:00 DEBUG (7): Raw Ldap Object: NULL
2014-12-26T13:11:50+01:00 NOTICE (5): Username entry lookup response: NULL
2014-12-26T13:11:59+01:00 NOTICE (5): Attempting bind with ldap
2014-12-26T13:11:59+01:00 NOTICE (5): Bind successful setting active server.
2014-12-26T13:11:59+01:00 NOTICE (5): Attempting to authenticate gcrebassa
2014-12-26T13:11:59+01:00 NOTICE (5): gcrebassa logged in successfully!
2014-12-26T13:11:59+01:00 NOTICE (5): Attempting bind with ldap
2014-12-26T13:11:59+01:00 NOTICE (5): Bind successful setting active server.
2014-12-26T13:11:59+01:00 NOTICE (5): Attempting to get username entry: uid=gcrebassa,DC=emea,DC=msad,DC=sopra against the active ldap server
2014-12-26T13:11:59+01:00 DEBUG (7): Raw Ldap Object: NULL
2014-12-26T13:11:59+01:00 NOTICE (5): Username entry lookup response: NULL
2014-12-26T13:14:11+01:00 NOTICE (5): Attempting bind with ldap
2014-12-26T13:14:11+01:00 NOTICE (5): Bind successful setting active server.
2014-12-26T13:14:11+01:00 NOTICE (5): Attempting to authenticate gcrebassa
2014-12-26T13:14:11+01:00 NOTICE (5): gcrebassa logged in successfully!
2014-12-26T13:14:11+01:00 NOTICE (5): Attempting bind with ldap
2014-12-26T13:14:11+01:00 NOTICE (5): Bind successful setting active server.
2014-12-26T13:14:11+01:00 NOTICE (5): Attempting to get username entry: uid=gcrebassa,DC=emea,DC=msad,DC=sopra against the active ldap server
2014-12-26T13:14:11+01:00 DEBUG (7): Raw Ldap Object: NULL
2014-12-26T13:14:11+01:00 NOTICE (5): Username entry lookup response: NULL
2014-12-26T13:22:30+01:00 NOTICE (5): Attempting bind with ldap
2014-12-26T13:22:30+01:00 NOTICE (5): Bind successful setting active server.
2014-12-26T13:22:30+01:00 NOTICE (5): Attempting to authenticate gcrebassa
2014-12-26T13:22:30+01:00 NOTICE (5): gcrebassa logged in successfully!
2014-12-26T13:22:30+01:00 NOTICE (5): Attempting bind with ldap
2014-12-26T13:22:30+01:00 NOTICE (5): Bind successful setting active server.
2014-12-26T13:22:30+01:00 NOTICE (5): Attempting to get username entry: uid=gcrebassa,DC=emea,DC=msad,DC=sopra against the active ldap server
2014-12-26T13:22:30+01:00 DEBUG (7): Raw Ldap Object: NULL
2014-12-26T13:22:30+01:00 NOTICE (5): Username entry lookup response: NULL
2014-12-26T13:24:24+01:00 NOTICE (5): Attempting bind with ldap
2014-12-26T13:24:24+01:00 NOTICE (5): Bind successful setting active server.
2014-12-26T13:24:24+01:00 NOTICE (5): Attempting to authenticate gcrebassa
2014-12-26T13:24:24+01:00 NOTICE (5): gcrebassa logged in successfully!
2014-12-26T13:24:24+01:00 NOTICE (5): Attempting bind with ldap
2014-12-26T13:24:24+01:00 NOTICE (5): Bind successful setting active server.
2014-12-26T13:24:24+01:00 NOTICE (5): Attempting to get username entry: uid=gcrebassa,DC=emea,DC=msad,DC=sopra against the active ldap server
2014-12-26T13:24:24+01:00 DEBUG (7): Raw Ldap Object: 'uid=gcrebassa,DC=emea,DC=msad,DC=sopra'
2014-12-26T13:24:24+01:00 DEBUG (7): Raw Ldap Object: NULL
2014-12-26T13:24:24+01:00 NOTICE (5): Username entry lookup response: NULL
2014-12-26T13:39:42+01:00 NOTICE (5): Attempting bind with ldap
2014-12-26T13:39:42+01:00 NOTICE (5): Bind successful setting active server.
2014-12-26T13:39:42+01:00 NOTICE (5): Attempting to authenticate gcrebassa
2014-12-26T13:39:42+01:00 NOTICE (5): gcrebassa logged in successfully!
2014-12-26T13:39:42+01:00 NOTICE (5): Attempting bind with ldap
2014-12-26T13:39:42+01:00 NOTICE (5): Bind successful setting active server.
2014-12-26T13:39:42+01:00 NOTICE (5): Attempting to get username entry: uid=gcrebassa,DC=emea,DC=msad,DC=sopra against the active ldap server
2014-12-26T13:39:42+01:00 DEBUG (7): Raw Ldap Object: 'uid=gcrebassa,DC=emea,DC=msad,DC=sopra'
2014-12-26T13:39:42+01:00 DEBUG (7): Raw Ldap Object: NULL
2014-12-26T13:39:42+01:00 NOTICE (5): Username entry lookup response: NULL
2014-12-26T13:40:24+01:00 NOTICE (5): Attempting bind with ldap
2014-12-26T13:40:24+01:00 NOTICE (5): Bind successful setting active server.
2014-12-26T13:40:24+01:00 NOTICE (5): Attempting to authenticate gcrebassa
2014-12-26T13:40:24+01:00 NOTICE (5): gcrebassa logged in successfully!
2014-12-26T13:40:24+01:00 NOTICE (5): Attempting bind with ldap
2014-12-26T13:40:24+01:00 NOTICE (5): Bind successful setting active server.
2014-12-26T13:40:24+01:00 NOTICE (5): Attempting to get username entry: uid=gcrebassa,DC=emea,DC=msad,DC=sopra against the active ldap server
2014-12-26T13:40:24+01:00 DEBUG (7): Raw Ldap Object: 'uid=gcrebassa,DC=emea,DC=msad,DC=sopra'
2014-12-26T13:40:24+01:00 DEBUG (7): Raw Ldap Object: NULL
2014-12-26T13:40:24+01:00 NOTICE (5): Username entry lookup response: NULL
2014-12-26T13:40:46+01:00 NOTICE (5): Attempting bind with ldap
2014-12-26T13:40:46+01:00 NOTICE (5): Bind successful setting active server.
2014-12-26T13:40:46+01:00 NOTICE (5): Attempting to authenticate gcrebassa
2014-12-26T13:40:46+01:00 NOTICE (5): gcrebassa logged in successfully!
2014-12-26T13:40:46+01:00 NOTICE (5): Attempting bind with ldap
2014-12-26T13:40:46+01:00 NOTICE (5): Bind successful setting active server.
2014-12-26T13:40:46+01:00 NOTICE (5): Attempting to get username entry: uid=gcrebassa,DC=emea,DC=msad,DC=sopra against the active ldap server
2014-12-26T13:40:46+01:00 DEBUG (7): Raw Ldap Object: 'uid=gcrebassa,DC=emea,DC=msad,DC=sopra'
2014-12-26T13:40:46+01:00 DEBUG (7): Raw Ldap Object: NULL
2014-12-26T13:40:46+01:00 NOTICE (5): Username entry lookup response: NULL
2014-12-26T13:45:14+01:00 NOTICE (5): Attempting bind with ldap
2014-12-26T13:45:14+01:00 NOTICE (5): Bind successful setting active server.
2014-12-26T13:45:14+01:00 NOTICE (5): Attempting to authenticate gcrebassa
2014-12-26T13:45:14+01:00 NOTICE (5): gcrebassa AUTHENTICATION FAILED!, error output: array (
  0 => 'Invalid credentials',
  1 => '0x31 (Invalid credentials; 80090308: LdapErr: DSID-0C0903A9, comment: AcceptSecurityContext error, data 52e, v1db1): gcrebassa',
  2 => 'host=wbrusdc01.has.be.soprabanking,useStartTls=,accountDomainName=has.be.soprabanking,accountDomainNameShort=EMEAAD,accountCanonicalForm=2,baseDn=DC=emea,DC=msad,DC=sopra',
  3 => 'gcrebassa authentication failed: 0x31 (Invalid credentials; 80090308: LdapErr: DSID-0C0903A9, comment: AcceptSecurityContext error, data 52e, v1db1): gcrebassa',
)
2014-12-26T13:46:29+01:00 NOTICE (5): Attempting bind with ldap
2014-12-26T13:46:29+01:00 NOTICE (5): Bind successful setting active server.
2014-12-26T13:46:29+01:00 NOTICE (5): Attempting to authenticate gcrebassa
2014-12-26T13:46:29+01:00 NOTICE (5): gcrebassa AUTHENTICATION FAILED!, error output: array (
  0 => 'Invalid credentials',
  1 => '0x31 (Invalid credentials; 80090308: LdapErr: DSID-0C0903A9, comment: AcceptSecurityContext error, data 52e, v1db1): gcrebassa',
  2 => 'host=wbrusdc01.has.be.soprabanking,useStartTls=false,accountDomainName=has.be.soprabanking,accountDomainNameShort=EMEAAD,accountCanonicalForm=2,baseDn=DC=emea,DC=msad,DC=sopra',
  3 => 'gcrebassa authentication failed: 0x31 (Invalid credentials; 80090308: LdapErr: DSID-0C0903A9, comment: AcceptSecurityContext error, data 52e, v1db1): gcrebassa',
)
2014-12-26T13:47:25+01:00 NOTICE (5): Attempting bind with ldap
2014-12-26T13:47:25+01:00 NOTICE (5): Bind successful setting active server.
2014-12-26T13:47:25+01:00 NOTICE (5): Attempting to authenticate gcrebassa
2014-12-26T13:47:25+01:00 NOTICE (5): gcrebassa AUTHENTICATION FAILED!, error output: array (
  0 => 'Invalid credentials',
  1 => '0x31 (Invalid credentials; 80090308: LdapErr: DSID-0C0903A9, comment: AcceptSecurityContext error, data 52e, v1db1): gcrebassa',
  2 => 'host=wbrusdc01.has.be.soprabanking,useStartTls=,bindRequiresDn=,accountDomainName=has.be.soprabanking,accountDomainNameShort=EMEAAD,accountCanonicalForm=2,baseDn=DC=emea,DC=msad,DC=sopra',
  3 => 'gcrebassa authentication failed: 0x31 (Invalid credentials; 80090308: LdapErr: DSID-0C0903A9, comment: AcceptSecurityContext error, data 52e, v1db1): gcrebassa',
)
2014-12-26T13:47:38+01:00 NOTICE (5): Attempting bind with ldap
2014-12-26T13:47:38+01:00 NOTICE (5): Bind successful setting active server.
2014-12-26T13:47:38+01:00 NOTICE (5): Attempting to authenticate gcrebassa
2014-12-26T13:47:38+01:00 NOTICE (5): gcrebassa logged in successfully!
2014-12-26T13:47:38+01:00 NOTICE (5): Attempting bind with ldap
2014-12-26T13:47:38+01:00 NOTICE (5): Bind successful setting active server.
2014-12-26T13:47:38+01:00 NOTICE (5): Attempting to get username entry: uid=gcrebassa,DC=emea,DC=msad,DC=sopra against the active ldap server
2014-12-26T13:47:38+01:00 DEBUG (7): Raw Ldap Object: 'uid=gcrebassa,DC=emea,DC=msad,DC=sopra'
2014-12-26T13:47:38+01:00 DEBUG (7): Raw Ldap Object: NULL
2014-12-26T13:47:38+01:00 NOTICE (5): Username entry lookup response: NULL
2014-12-26T13:51:07+01:00 NOTICE (5): Attempting bind with ldap
2014-12-26T13:51:07+01:00 NOTICE (5): Bind successful setting active server.
2014-12-26T13:51:07+01:00 NOTICE (5): Attempting to authenticate gcrebassa
2014-12-26T13:51:07+01:00 NOTICE (5): gcrebassa logged in successfully!
2014-12-26T13:51:07+01:00 NOTICE (5): Attempting bind with ldap
2014-12-26T13:51:07+01:00 NOTICE (5): Bind successful setting active server.
2014-12-26T13:51:07+01:00 NOTICE (5): Attempting to get username entry: uid=gcrebassa,DC=emea,DC=msad,DC=sopra against the active ldap server
2014-12-26T13:51:07+01:00 DEBUG (7): Raw Ldap Object: 'uid=gcrebassa,DC=emea,DC=msad,DC=sopra'
2014-12-26T13:51:07+01:00 DEBUG (7): Raw Ldap Object: NULL
2014-12-26T13:51:07+01:00 NOTICE (5): Username entry lookup response: NULL
2014-12-26T13:58:10+01:00 NOTICE (5): Attempting bind with ldap
2014-12-26T13:58:10+01:00 NOTICE (5): Bind successful setting active server.
2014-12-26T13:58:10+01:00 NOTICE (5): Attempting to authenticate gcrebassa
2014-12-26T13:58:10+01:00 NOTICE (5): gcrebassa logged in successfully!
2014-12-26T13:58:10+01:00 NOTICE (5): Attempting bind with ldap
2014-12-26T13:58:10+01:00 NOTICE (5): Bind successful setting active server.
2014-12-26T13:58:10+01:00 NOTICE (5): Attempting to get username entry: uid=gcrebassa,DC=emea,DC=msad,DC=sopra against the active ldap server
2014-12-26T13:58:10+01:00 DEBUG (7): Raw Ldap Object: 'uid=gcrebassa,DC=emea,DC=msad,DC=sopra'
2014-12-26T13:58:10+01:00 DEBUG (7): Raw Ldap Object: NULL
2014-12-26T13:58:10+01:00 NOTICE (5): Username entry lookup response: NULL
2014-12-26T14:01:45+01:00 NOTICE (5): Attempting bind with ldap
2014-12-26T14:03:51+01:00 NOTICE (5): Attempting bind with ldap
2014-12-26T14:03:53+01:00 NOTICE (5): Attempting bind with ldap
2014-12-26T14:03:53+01:00 NOTICE (5): Attempting bind with ldap
2014-12-26T14:03:53+01:00 NOTICE (5): Attempting bind with ldap
2014-12-26T14:03:53+01:00 NOTICE (5): Attempting bind with ldap
2014-12-26T14:03:54+01:00 NOTICE (5): Attempting bind with ldap
2014-12-26T14:03:54+01:00 NOTICE (5): Attempting bind with ldap
2014-12-26T14:08:11+01:00 NOTICE (5): Attempting bind with ldap
2014-12-26T14:09:28+01:00 NOTICE (5): Attempting bind with ldap
2014-12-26T14:09:28+01:00 NOTICE (5): Bind successful setting active server.
2014-12-26T14:09:28+01:00 NOTICE (5): Attempting to authenticate gcrebassa
2014-12-26T14:09:28+01:00 NOTICE (5): gcrebassa logged in successfully!
2014-12-26T14:09:28+01:00 NOTICE (5): Attempting bind with ldap
2014-12-26T14:09:28+01:00 NOTICE (5): Bind successful setting active server.
2014-12-26T14:09:28+01:00 NOTICE (5): Attempting to get username entry: uid=gcrebassa,DC=emea,DC=msad,DC=sopra against the active ldap server
2014-12-26T14:09:46+01:00 NOTICE (5): Attempting bind with ldap
2014-12-26T14:09:46+01:00 NOTICE (5): Bind successful setting active server.
2014-12-26T14:09:46+01:00 NOTICE (5): Attempting to authenticate gcrebassa
2014-12-26T14:09:46+01:00 NOTICE (5): gcrebassa logged in successfully!
2014-12-26T14:09:46+01:00 NOTICE (5): Attempting bind with ldap
2014-12-26T14:09:46+01:00 NOTICE (5): Bind successful setting active server.
2014-12-26T14:09:46+01:00 NOTICE (5): Attempting to get username entry: uid=gcrebassa,DC=emea,DC=msad,DC=sopra against the active ldap server
2014-12-26T14:09:46+01:00 DEBUG (7): Raw Ldap Object: 'uid=gcrebassa,DC=emea,DC=msad,DC=sopra'
2014-12-26T14:09:46+01:00 DEBUG (7): Raw Ldap Object: NULL
2014-12-26T14:09:46+01:00 NOTICE (5): Username entry lookup response: NULL
2014-12-26T14:10:28+01:00 NOTICE (5): Attempting bind with ldap
2014-12-26T14:10:28+01:00 NOTICE (5): Bind successful setting active server.
2014-12-26T14:10:28+01:00 NOTICE (5): Attempting to authenticate gcrebassa
2014-12-26T14:10:28+01:00 NOTICE (5): gcrebassa logged in successfully!
2014-12-26T14:10:28+01:00 NOTICE (5): Attempting bind with ldap
2014-12-26T14:10:28+01:00 NOTICE (5): Bind successful setting active server.
2014-12-26T14:10:28+01:00 NOTICE (5): Attempting to get username entry: uid=gcrebassa,DC=emea,DC=msad,DC=sopra against the active ldap server
2014-12-26T14:10:28+01:00 DEBUG (7): Raw Ldap Object: 'uid=gcrebassa,DC=emea,DC=msad,DC=sopra'
2014-12-26T14:10:28+01:00 DEBUG (7): Raw Ldap Object: NULL
2014-12-26T14:10:28+01:00 NOTICE (5): Username entry lookup response: NULL
2014-12-26T14:10:47+01:00 NOTICE (5): Attempting bind with ldap
2014-12-26T14:10:47+01:00 NOTICE (5): Bind successful setting active server.
2014-12-26T14:10:47+01:00 NOTICE (5): Attempting to authenticate gcrebassa
2014-12-26T14:10:47+01:00 NOTICE (5): gcrebassa logged in successfully!
2014-12-26T14:10:47+01:00 NOTICE (5): Attempting bind with ldap
2014-12-26T14:10:47+01:00 NOTICE (5): Bind successful setting active server.
2014-12-26T14:10:47+01:00 NOTICE (5): Attempting to get username entry: uid=gcrebassa,DC=emea,DC=msad,DC=sopra against the active ldap server
2014-12-26T14:10:47+01:00 DEBUG (7): Raw Ldap Object: 'uid=gcrebassa,DC=emea,DC=msad,DC=sopra'
2014-12-26T14:10:47+01:00 DEBUG (7): Raw Ldap Object: NULL
2014-12-26T14:10:47+01:00 NOTICE (5): Username entry lookup response: NULL
2014-12-26T14:11:28+01:00 NOTICE (5): Attempting bind with ldap
2014-12-26T14:11:28+01:00 NOTICE (5): Bind successful setting active server.
2014-12-26T14:11:28+01:00 NOTICE (5): Attempting to authenticate gcrebassa
2014-12-26T14:11:28+01:00 NOTICE (5): gcrebassa logged in successfully!
2014-12-26T14:11:28+01:00 NOTICE (5): Attempting bind with ldap
2014-12-26T14:11:28+01:00 NOTICE (5): Bind successful setting active server.
2014-12-26T14:11:28+01:00 NOTICE (5): Attempting to get username entry: uid=gcrebassa,DC=emea,DC=msad,DC=sopra against the active ldap server
2014-12-26T14:11:28+01:00 DEBUG (7): Raw Ldap Object: 'uid=gcrebassa,DC=emea,DC=msad,DC=sopra'
2014-12-26T14:11:28+01:00 DEBUG (7): Raw Ldap Object: NULL
2014-12-26T14:11:28+01:00 NOTICE (5): Username entry lookup response: NULL
2014-12-26T14:13:11+01:00 NOTICE (5): Attempting bind with ldap
2014-12-26T14:13:11+01:00 NOTICE (5): Bind successful setting active server.
2014-12-26T14:13:11+01:00 NOTICE (5): Attempting to authenticate gcrebassa
2014-12-26T14:13:12+01:00 NOTICE (5): gcrebassa logged in successfully!
2014-12-26T14:13:12+01:00 NOTICE (5): Attempting bind with ldap
2014-12-26T14:13:12+01:00 NOTICE (5): Bind successful setting active server.
2014-12-26T14:13:12+01:00 NOTICE (5): Attempting to get username entry: uid=gcrebassa,DC=emea,DC=msad,DC=sopra against the active ldap server
2014-12-26T14:13:12+01:00 DEBUG (7): Raw Ldap Object: 'uid=gcrebassa,DC=emea,DC=msad,DC=sopra'
2014-12-26T14:13:12+01:00 DEBUG (7): Raw Ldap Object: NULL
2014-12-26T14:13:12+01:00 NOTICE (5): Username entry lookup response: NULL
2014-12-26T14:13:15+01:00 NOTICE (5): Attempting bind with ldap
2014-12-26T14:13:15+01:00 NOTICE (5): Bind successful setting active server.
2014-12-26T14:13:15+01:00 NOTICE (5): Attempting to authenticate gcrebassa
2014-12-26T14:13:15+01:00 NOTICE (5): gcrebassa logged in successfully!
2014-12-26T14:13:15+01:00 NOTICE (5): Attempting bind with ldap
2014-12-26T14:13:15+01:00 NOTICE (5): Bind successful setting active server.
2014-12-26T14:13:15+01:00 NOTICE (5): Attempting to get username entry: uid=gcrebassa,DC=emea,DC=msad,DC=sopra against the active ldap server
2014-12-26T14:13:15+01:00 DEBUG (7): Raw Ldap Object: 'uid=gcrebassa,DC=emea,DC=msad,DC=sopra'
2014-12-26T14:13:15+01:00 DEBUG (7): Raw Ldap Object: NULL
2014-12-26T14:13:15+01:00 NOTICE (5): Username entry lookup response: NULL
2014-12-26T14:13:16+01:00 NOTICE (5): Attempting bind with ldap
2014-12-26T14:13:16+01:00 NOTICE (5): Bind successful setting active server.
2014-12-26T14:13:16+01:00 NOTICE (5): Attempting to authenticate gcrebassa
2014-12-26T14:13:16+01:00 NOTICE (5): gcrebassa logged in successfully!
2014-12-26T14:13:16+01:00 NOTICE (5): Attempting bind with ldap
2014-12-26T14:13:16+01:00 NOTICE (5): Bind successful setting active server.
2014-12-26T14:13:16+01:00 NOTICE (5): Attempting to get username entry: uid=gcrebassa,DC=emea,DC=msad,DC=sopra against the active ldap server
2014-12-26T14:13:16+01:00 DEBUG (7): Raw Ldap Object: 'uid=gcrebassa,DC=emea,DC=msad,DC=sopra'
2014-12-26T14:13:16+01:00 DEBUG (7): Raw Ldap Object: NULL
2014-12-26T14:13:16+01:00 NOTICE (5): Username entry lookup response: NULL
2014-12-26T14:13:16+01:00 NOTICE (5): Attempting bind with ldap
2014-12-26T14:13:16+01:00 NOTICE (5): Bind successful setting active server.
2014-12-26T14:13:16+01:00 NOTICE (5): Attempting to authenticate gcrebassa
2014-12-26T14:13:16+01:00 NOTICE (5): gcrebassa logged in successfully!
2014-12-26T14:13:16+01:00 NOTICE (5): Attempting bind with ldap
2014-12-26T14:13:16+01:00 NOTICE (5): Bind successful setting active server.
2014-12-26T14:13:16+01:00 NOTICE (5): Attempting to get username entry: uid=gcrebassa,DC=emea,DC=msad,DC=sopra against the active ldap server
2014-12-26T14:13:16+01:00 DEBUG (7): Raw Ldap Object: 'uid=gcrebassa,DC=emea,DC=msad,DC=sopra'
2014-12-26T14:13:16+01:00 DEBUG (7): Raw Ldap Object: NULL
2014-12-26T14:13:16+01:00 NOTICE (5): Username entry lookup response: NULL
2014-12-26T14:13:16+01:00 NOTICE (5): Attempting bind with ldap
2014-12-26T14:13:16+01:00 NOTICE (5): Bind successful setting active server.
2014-12-26T14:13:16+01:00 NOTICE (5): Attempting to authenticate gcrebassa
2014-12-26T14:13:16+01:00 NOTICE (5): gcrebassa logged in successfully!
2014-12-26T14:13:16+01:00 NOTICE (5): Attempting bind with ldap
2014-12-26T14:13:16+01:00 NOTICE (5): Bind successful setting active server.
2014-12-26T14:13:16+01:00 NOTICE (5): Attempting to get username entry: uid=gcrebassa,DC=emea,DC=msad,DC=sopra against the active ldap server
2014-12-26T14:13:16+01:00 DEBUG (7): Raw Ldap Object: 'uid=gcrebassa,DC=emea,DC=msad,DC=sopra'
2014-12-26T14:13:16+01:00 DEBUG (7): Raw Ldap Object: NULL
2014-12-26T14:13:16+01:00 NOTICE (5): Username entry lookup response: NULL
2014-12-26T14:13:16+01:00 NOTICE (5): Attempting bind with ldap
2014-12-26T14:13:16+01:00 NOTICE (5): Bind successful setting active server.
2014-12-26T14:13:16+01:00 NOTICE (5): Attempting to authenticate gcrebassa
2014-12-26T14:13:16+01:00 NOTICE (5): gcrebassa logged in successfully!
2014-12-26T14:13:16+01:00 NOTICE (5): Attempting bind with ldap
2014-12-26T14:13:16+01:00 NOTICE (5): Bind successful setting active server.
2014-12-26T14:13:16+01:00 NOTICE (5): Attempting to get username entry: uid=gcrebassa,DC=emea,DC=msad,DC=sopra against the active ldap server
2014-12-26T14:13:16+01:00 DEBUG (7): Raw Ldap Object: 'uid=gcrebassa,DC=emea,DC=msad,DC=sopra'
2014-12-26T14:13:16+01:00 DEBUG (7): Raw Ldap Object: NULL
2014-12-26T14:13:16+01:00 NOTICE (5): Username entry lookup response: NULL
2014-12-26T14:13:17+01:00 NOTICE (5): Attempting bind with ldap
2014-12-26T14:13:17+01:00 NOTICE (5): Bind successful setting active server.
2014-12-26T14:13:17+01:00 NOTICE (5): Attempting to authenticate gcrebassa
2014-12-26T14:13:17+01:00 NOTICE (5): gcrebassa logged in successfully!
2014-12-26T14:13:17+01:00 NOTICE (5): Attempting bind with ldap
2014-12-26T14:13:17+01:00 NOTICE (5): Bind successful setting active server.
2014-12-26T14:13:17+01:00 NOTICE (5): Attempting to get username entry: uid=gcrebassa,DC=emea,DC=msad,DC=sopra against the active ldap server
2014-12-26T14:13:17+01:00 DEBUG (7): Raw Ldap Object: 'uid=gcrebassa,DC=emea,DC=msad,DC=sopra'
2014-12-26T14:13:17+01:00 DEBUG (7): Raw Ldap Object: NULL
2014-12-26T14:13:17+01:00 NOTICE (5): Username entry lookup response: NULL
2014-12-26T14:13:17+01:00 NOTICE (5): Attempting bind with ldap
2014-12-26T14:13:17+01:00 NOTICE (5): Bind successful setting active server.
2014-12-26T14:13:17+01:00 NOTICE (5): Attempting to authenticate gcrebassa
2014-12-26T14:13:17+01:00 NOTICE (5): gcrebassa logged in successfully!
2014-12-26T14:13:17+01:00 NOTICE (5): Attempting bind with ldap
2014-12-26T14:13:17+01:00 NOTICE (5): Bind successful setting active server.
2014-12-26T14:13:17+01:00 NOTICE (5): Attempting to get username entry: uid=gcrebassa,DC=emea,DC=msad,DC=sopra against the active ldap server
2014-12-26T14:13:17+01:00 DEBUG (7): Raw Ldap Object: 'uid=gcrebassa,DC=emea,DC=msad,DC=sopra'
2014-12-26T14:13:17+01:00 DEBUG (7): Raw Ldap Object: NULL
2014-12-26T14:13:17+01:00 NOTICE (5): Username entry lookup response: NULL
2014-12-26T14:13:17+01:00 NOTICE (5): Attempting bind with ldap
2014-12-26T14:13:17+01:00 NOTICE (5): Bind successful setting active server.
2014-12-26T14:13:17+01:00 NOTICE (5): Attempting to authenticate gcrebassa
2014-12-26T14:13:17+01:00 NOTICE (5): gcrebassa logged in successfully!
2014-12-26T14:13:17+01:00 NOTICE (5): Attempting bind with ldap
2014-12-26T14:13:17+01:00 NOTICE (5): Bind successful setting active server.
2014-12-26T14:13:17+01:00 NOTICE (5): Attempting to get username entry: uid=gcrebassa,DC=emea,DC=msad,DC=sopra against the active ldap server
2014-12-26T14:13:17+01:00 DEBUG (7): Raw Ldap Object: 'uid=gcrebassa,DC=emea,DC=msad,DC=sopra'
2014-12-26T14:13:17+01:00 DEBUG (7): Raw Ldap Object: NULL
2014-12-26T14:13:17+01:00 NOTICE (5): Username entry lookup response: NULL
2014-12-26T14:13:17+01:00 NOTICE (5): Attempting bind with ldap
2014-12-26T14:13:17+01:00 NOTICE (5): Bind successful setting active server.
2014-12-26T14:13:17+01:00 NOTICE (5): Attempting to authenticate gcrebassa
2014-12-26T14:13:17+01:00 NOTICE (5): gcrebassa logged in successfully!
2014-12-26T14:13:17+01:00 NOTICE (5): Attempting bind with ldap
2014-12-26T14:13:17+01:00 NOTICE (5): Bind successful setting active server.
2014-12-26T14:13:17+01:00 NOTICE (5): Attempting to get username entry: uid=gcrebassa,DC=emea,DC=msad,DC=sopra against the active ldap server
2014-12-26T14:13:17+01:00 DEBUG (7): Raw Ldap Object: 'uid=gcrebassa,DC=emea,DC=msad,DC=sopra'
2014-12-26T14:13:17+01:00 DEBUG (7): Raw Ldap Object: NULL
2014-12-26T14:13:17+01:00 NOTICE (5): Username entry lookup response: NULL
2014-12-26T14:13:17+01:00 NOTICE (5): Attempting bind with ldap
2014-12-26T14:13:17+01:00 NOTICE (5): Bind successful setting active server.
2014-12-26T14:13:17+01:00 NOTICE (5): Attempting to authenticate gcrebassa
2014-12-26T14:13:17+01:00 NOTICE (5): gcrebassa logged in successfully!
2014-12-26T14:13:17+01:00 NOTICE (5): Attempting bind with ldap
2014-12-26T14:13:17+01:00 NOTICE (5): Bind successful setting active server.
2014-12-26T14:13:17+01:00 NOTICE (5): Attempting to get username entry: uid=gcrebassa,DC=emea,DC=msad,DC=sopra against the active ldap server
2014-12-26T14:13:17+01:00 DEBUG (7): Raw Ldap Object: 'uid=gcrebassa,DC=emea,DC=msad,DC=sopra'
2014-12-26T14:13:17+01:00 DEBUG (7): Raw Ldap Object: NULL
2014-12-26T14:13:17+01:00 NOTICE (5): Username entry lookup response: NULL
2014-12-26T14:13:17+01:00 NOTICE (5): Attempting bind with ldap
2014-12-26T14:13:18+01:00 NOTICE (5): Bind successful setting active server.
2014-12-26T14:13:18+01:00 NOTICE (5): Attempting to authenticate gcrebassa
2014-12-26T14:13:18+01:00 NOTICE (5): gcrebassa logged in successfully!
2014-12-26T14:13:18+01:00 NOTICE (5): Attempting bind with ldap
2014-12-26T14:13:18+01:00 NOTICE (5): Bind successful setting active server.
2014-12-26T14:13:18+01:00 NOTICE (5): Attempting to get username entry: uid=gcrebassa,DC=emea,DC=msad,DC=sopra against the active ldap server
2014-12-26T14:13:18+01:00 DEBUG (7): Raw Ldap Object: 'uid=gcrebassa,DC=emea,DC=msad,DC=sopra'
2014-12-26T14:13:18+01:00 DEBUG (7): Raw Ldap Object: NULL
2014-12-26T14:13:18+01:00 NOTICE (5): Username entry lookup response: NULL
2014-12-26T14:13:18+01:00 NOTICE (5): Attempting bind with ldap
2014-12-26T14:13:18+01:00 NOTICE (5): Bind successful setting active server.
2014-12-26T14:13:18+01:00 NOTICE (5): Attempting to authenticate gcrebassa
2014-12-26T14:13:18+01:00 NOTICE (5): gcrebassa logged in successfully!
2014-12-26T14:13:18+01:00 NOTICE (5): Attempting bind with ldap
2014-12-26T14:13:18+01:00 NOTICE (5): Bind successful setting active server.
2014-12-26T14:13:18+01:00 NOTICE (5): Attempting to get username entry: uid=gcrebassa,DC=emea,DC=msad,DC=sopra against the active ldap server
2014-12-26T14:13:18+01:00 DEBUG (7): Raw Ldap Object: 'uid=gcrebassa,DC=emea,DC=msad,DC=sopra'
2014-12-26T14:13:18+01:00 DEBUG (7): Raw Ldap Object: NULL
2014-12-26T14:13:18+01:00 NOTICE (5): Username entry lookup response: NULL
2014-12-26T14:13:18+01:00 NOTICE (5): Attempting bind with ldap
2014-12-26T14:13:18+01:00 NOTICE (5): Bind successful setting active server.
2014-12-26T14:13:18+01:00 NOTICE (5): Attempting to authenticate gcrebassa
2014-12-26T14:13:18+01:00 NOTICE (5): gcrebassa logged in successfully!
2014-12-26T14:13:18+01:00 NOTICE (5): Attempting bind with ldap
2014-12-26T14:13:18+01:00 NOTICE (5): Bind successful setting active server.
2014-12-26T14:13:18+01:00 NOTICE (5): Attempting to get username entry: uid=gcrebassa,DC=emea,DC=msad,DC=sopra against the active ldap server
2014-12-26T14:13:18+01:00 DEBUG (7): Raw Ldap Object: 'uid=gcrebassa,DC=emea,DC=msad,DC=sopra'
2014-12-26T14:13:18+01:00 DEBUG (7): Raw Ldap Object: NULL
2014-12-26T14:13:18+01:00 NOTICE (5): Username entry lookup response: NULL
2014-12-26T14:13:18+01:00 NOTICE (5): Attempting bind with ldap
2014-12-26T14:13:18+01:00 NOTICE (5): Bind successful setting active server.
2014-12-26T14:13:18+01:00 NOTICE (5): Attempting to authenticate gcrebassa
2014-12-26T14:13:18+01:00 NOTICE (5): gcrebassa logged in successfully!
2014-12-26T14:13:18+01:00 NOTICE (5): Attempting bind with ldap
2014-12-26T14:13:18+01:00 NOTICE (5): Bind successful setting active server.
2014-12-26T14:13:18+01:00 NOTICE (5): Attempting to get username entry: uid=gcrebassa,DC=emea,DC=msad,DC=sopra against the active ldap server
2014-12-26T14:13:18+01:00 DEBUG (7): Raw Ldap Object: 'uid=gcrebassa,DC=emea,DC=msad,DC=sopra'
2014-12-26T14:13:18+01:00 DEBUG (7): Raw Ldap Object: NULL
2014-12-26T14:13:18+01:00 NOTICE (5): Username entry lookup response: NULL
2014-12-26T14:13:39+01:00 NOTICE (5): Attempting bind with ldap
2014-12-26T14:13:39+01:00 NOTICE (5): Bind successful setting active server.
2014-12-26T14:13:39+01:00 NOTICE (5): Attempting to authenticate gcrebassa
2014-12-26T14:13:40+01:00 NOTICE (5): gcrebassa logged in successfully!
2014-12-26T14:13:40+01:00 NOTICE (5): Attempting bind with ldap
2014-12-26T14:13:40+01:00 NOTICE (5): Bind successful setting active server.
2014-12-26T14:13:40+01:00 NOTICE (5): Attempting to get username entry: uid=gcrebassa,DC=emea,DC=msad,DC=sopra against the active ldap server
2014-12-26T14:13:40+01:00 DEBUG (7): Raw Ldap Object: 'uid=gcrebassa,DC=emea,DC=msad,DC=sopra'
2014-12-26T14:13:40+01:00 DEBUG (7): Raw Ldap Object: NULL
2014-12-26T14:13:40+01:00 NOTICE (5): Username entry lookup response: NULL
2014-12-26T14:15:12+01:00 NOTICE (5): Attempting bind with ldap
2014-12-26T14:15:12+01:00 NOTICE (5): Bind successful setting active server.
2014-12-26T14:15:12+01:00 NOTICE (5): Attempting to authenticate gcrebassa
2014-12-26T14:15:12+01:00 NOTICE (5): gcrebassa logged in successfully!
2014-12-26T14:15:12+01:00 NOTICE (5): Attempting bind with ldap
2014-12-26T14:15:12+01:00 NOTICE (5): Bind successful setting active server.
2014-12-26T14:15:12+01:00 NOTICE (5): Attempting to get username entry: uid=gcrebassa,DC=emea,DC=msad,DC=sopra against the active ldap server
2014-12-26T14:15:12+01:00 DEBUG (7): Raw Ldap Object: 'uid=gcrebassa,DC=emea,DC=msad,DC=sopra'
2014-12-26T14:15:12+01:00 DEBUG (7): Raw Ldap Object: NULL
2014-12-26T14:15:12+01:00 NOTICE (5): Username entry lookup response: NULL
2014-12-26T14:16:18+01:00 NOTICE (5): Attempting bind with ldap
2014-12-26T14:16:18+01:00 NOTICE (5): Bind successful setting active server.
2014-12-26T14:16:18+01:00 NOTICE (5): Attempting to authenticate gcrebassa
2014-12-26T14:16:18+01:00 NOTICE (5): gcrebassa logged in successfully!
2014-12-26T14:16:18+01:00 NOTICE (5): Attempting bind with ldap
2014-12-26T14:16:18+01:00 NOTICE (5): Bind successful setting active server.
2014-12-26T14:16:18+01:00 NOTICE (5): Attempting to get username entry: uid=gcrebassa,DC=emea,DC=msad,DC=sopra against the active ldap server
2014-12-26T14:16:18+01:00 DEBUG (7): Raw Ldap Object: 'uid=gcrebassa,DC=emea,DC=msad,DC=sopra'
2014-12-26T14:16:18+01:00 DEBUG (7): Raw Ldap Object: NULL
2014-12-26T14:16:18+01:00 NOTICE (5): Username entry lookup response: NULL
2014-12-26T14:18:17+01:00 NOTICE (5): Attempting bind with ldap
2014-12-26T14:18:17+01:00 NOTICE (5): Bind successful setting active server.
2014-12-26T14:18:17+01:00 NOTICE (5): Attempting to authenticate gcrebassa
2014-12-26T14:18:17+01:00 NOTICE (5): gcrebassa logged in successfully!
2014-12-26T14:18:17+01:00 NOTICE (5): Attempting bind with ldap
2014-12-26T14:18:17+01:00 NOTICE (5): Bind successful setting active server.
2014-12-26T14:18:17+01:00 NOTICE (5): Attempting to get username entry: uid=gcrebassa,DC=emea,DC=msad,DC=sopra against the active ldap server
2014-12-26T14:18:17+01:00 DEBUG (7): Raw Ldap Object: 'uid=gcrebassa,DC=emea,DC=msad,DC=sopra'
2014-12-26T14:18:17+01:00 DEBUG (7): Raw Ldap Object: NULL
2014-12-26T14:18:17+01:00 NOTICE (5): Username entry lookup response: NULL
2014-12-26T14:20:48+01:00 NOTICE (5): Attempting bind with ldap
2014-12-26T14:20:48+01:00 NOTICE (5): Bind successful setting active server.
2014-12-26T14:20:48+01:00 NOTICE (5): Attempting to authenticate gcrebassa
2014-12-26T14:20:49+01:00 NOTICE (5): gcrebassa logged in successfully!
2014-12-26T14:20:49+01:00 NOTICE (5): Attempting bind with ldap
2014-12-26T14:20:49+01:00 NOTICE (5): Bind successful setting active server.
2014-12-26T14:20:49+01:00 NOTICE (5): Attempting to get username entry: uid=gcrebassa,DC=emea,DC=msad,DC=sopra against the active ldap server
2014-12-26T14:20:49+01:00 DEBUG (7): Raw Ldap Object: 'uid=gcrebassa,DC=emea,DC=msad,DC=sopra'
2014-12-26T14:20:49+01:00 DEBUG (7): Raw Ldap Object: NULL
2014-12-26T14:20:49+01:00 NOTICE (5): Username entry lookup response: NULL
2014-12-26T14:21:07+01:00 NOTICE (5): Attempting bind with ldap
2014-12-26T14:21:07+01:00 NOTICE (5): Bind successful setting active server.
2014-12-26T14:21:07+01:00 NOTICE (5): Attempting to authenticate gcrebassa
2014-12-26T14:21:07+01:00 NOTICE (5): gcrebassa logged in successfully!
2014-12-26T14:21:07+01:00 NOTICE (5): Attempting bind with ldap
2014-12-26T14:21:07+01:00 NOTICE (5): Bind successful setting active server.
2014-12-26T14:21:07+01:00 NOTICE (5): Attempting to get username entry: uid=gcrebassa,DC=emea,DC=msad,DC=sopra against the active ldap server
2014-12-26T14:21:07+01:00 DEBUG (7): Raw Ldap Object: 'uid=gcrebassa,DC=emea,DC=msad,DC=sopra'
2014-12-26T14:21:07+01:00 DEBUG (7): Raw Ldap Object: NULL
2014-12-26T14:21:07+01:00 NOTICE (5): Username entry lookup response: NULL
2014-12-26T14:21:42+01:00 NOTICE (5): Attempting bind with ldap
2014-12-26T14:21:42+01:00 NOTICE (5): Bind successful setting active server.
2014-12-26T14:21:42+01:00 NOTICE (5): Attempting to authenticate gcrebassa
2014-12-26T14:21:42+01:00 NOTICE (5): gcrebassa logged in successfully!
2014-12-26T14:21:42+01:00 NOTICE (5): Attempting bind with ldap
2014-12-26T14:21:42+01:00 NOTICE (5): Bind successful setting active server.
2014-12-26T14:21:42+01:00 NOTICE (5): Attempting to get username entry: uid=gcrebassa,DC=emea,DC=msad,DC=sopra against the active ldap server
2014-12-26T14:21:42+01:00 DEBUG (7): Raw Ldap Object: 'uid=gcrebassa,DC=emea,DC=msad,DC=sopra'
2014-12-26T14:21:42+01:00 DEBUG (7): Raw Ldap Object: NULL
2014-12-26T14:21:42+01:00 NOTICE (5): Username entry lookup response: NULL
2014-12-26T14:26:09+01:00 NOTICE (5): Attempting bind with ldap
2014-12-26T14:26:09+01:00 NOTICE (5): Bind successful setting active server.
2014-12-26T14:26:09+01:00 NOTICE (5): Attempting to authenticate gcrebassa
2014-12-26T14:26:09+01:00 NOTICE (5): gcrebassa logged in successfully!
2014-12-26T14:26:09+01:00 NOTICE (5): Attempting bind with ldap
2014-12-26T14:26:09+01:00 NOTICE (5): Bind successful setting active server.
2014-12-26T14:26:09+01:00 NOTICE (5): Attempting to get username entry: uid=gcrebassa,DC=emea,DC=msad,DC=sopra against the active ldap server
2014-12-26T14:26:09+01:00 DEBUG (7): Raw Ldap Object: 'uid=gcrebassa,DC=emea,DC=msad,DC=sopra'
2014-12-26T14:26:09+01:00 DEBUG (7): Raw Ldap Object: NULL
2014-12-26T14:26:09+01:00 NOTICE (5): Username entry lookup response: NULL
2014-12-26T14:26:29+01:00 NOTICE (5): Attempting bind with ldap
2014-12-26T14:26:29+01:00 NOTICE (5): Bind successful setting active server.
2014-12-26T14:26:29+01:00 NOTICE (5): Attempting to authenticate gcrebassa
2014-12-26T14:26:29+01:00 NOTICE (5): gcrebassa logged in successfully!
2014-12-26T14:26:29+01:00 NOTICE (5): Attempting bind with ldap
2014-12-26T14:26:29+01:00 NOTICE (5): Bind successful setting active server.
2014-12-26T14:26:29+01:00 NOTICE (5): Attempting to get username entry: uid=gcrebassa,DC=emea,DC=msad,DC=sopra against the active ldap server
2014-12-26T14:26:29+01:00 DEBUG (7): Raw Ldap Object: 'uid=gcrebassa,DC=emea,DC=msad,DC=sopra'
2014-12-26T14:26:29+01:00 DEBUG (7): Raw Ldap Object: NULL
2014-12-26T14:26:29+01:00 NOTICE (5): Username entry lookup response: NULL
2014-12-26T14:29:18+01:00 NOTICE (5): Attempting bind with ldap
2014-12-26T14:29:18+01:00 NOTICE (5): Bind successful setting active server.
2014-12-26T14:29:18+01:00 NOTICE (5): Attempting to authenticate gcrebassa
2014-12-26T14:29:18+01:00 NOTICE (5): gcrebassa logged in successfully!
2014-12-26T14:29:18+01:00 NOTICE (5): Attempting bind with ldap
2014-12-26T14:29:18+01:00 NOTICE (5): Bind successful setting active server.
2014-12-26T14:29:18+01:00 NOTICE (5): Attempting to get username entry: uid=gcrebassa,DC=emea,DC=msad,DC=sopra against the active ldap server
2014-12-26T14:29:18+01:00 DEBUG (7): Raw Ldap Object: 'uid=gcrebassa,DC=emea,DC=msad,DC=sopra'
2014-12-26T14:29:18+01:00 DEBUG (7): Raw Ldap Object: NULL
2014-12-26T14:29:18+01:00 NOTICE (5): Username entry lookup response: NULL
2014-12-26T14:30:02+01:00 NOTICE (5): Attempting bind with ldap
2014-12-26T14:30:02+01:00 NOTICE (5): Bind successful setting active server.
2014-12-26T14:30:02+01:00 NOTICE (5): Attempting to authenticate gcrebassa
2014-12-26T14:30:02+01:00 NOTICE (5): gcrebassa logged in successfully!
2014-12-26T14:30:02+01:00 NOTICE (5): Attempting bind with ldap
2014-12-26T14:30:02+01:00 NOTICE (5): Bind successful setting active server.
2014-12-26T14:30:02+01:00 NOTICE (5): Attempting to get username entry: uid=gcrebassa,DC=emea,DC=msad,DC=sopra against the active ldap server
2014-12-26T14:30:02+01:00 DEBUG (7): Raw Ldap Object: 'uid=gcrebassa,DC=emea,DC=msad,DC=sopra'
2014-12-26T14:30:02+01:00 DEBUG (7): Raw Ldap Object: NULL
2014-12-26T14:30:02+01:00 NOTICE (5): Username entry lookup response: NULL
2014-12-26T14:31:46+01:00 NOTICE (5): Attempting bind with ldap
2014-12-26T14:31:46+01:00 NOTICE (5): Bind successful setting active server.
2014-12-26T14:31:46+01:00 NOTICE (5): Attempting to authenticate gcrebassa
2014-12-26T14:31:46+01:00 NOTICE (5): gcrebassa logged in successfully!
2014-12-26T14:31:46+01:00 NOTICE (5): Attempting bind with ldap
2014-12-26T14:31:46+01:00 NOTICE (5): Bind successful setting active server.
2014-12-26T14:31:46+01:00 NOTICE (5): Attempting to get username entry: uid=gcrebassa,DC=emea,DC=msad,DC=sopra against the active ldap server
2014-12-26T14:31:46+01:00 DEBUG (7): Raw Ldap Object: 'uid=gcrebassa,DC=emea,DC=msad,DC=sopra'
2014-12-26T14:31:46+01:00 DEBUG (7): Raw Ldap Object: NULL
2014-12-26T14:31:46+01:00 NOTICE (5): Username entry lookup response: NULL
2014-12-26T14:32:25+01:00 NOTICE (5): Attempting bind with ldap
2014-12-26T14:32:25+01:00 NOTICE (5): Bind successful setting active server.
2014-12-26T14:32:25+01:00 NOTICE (5): Attempting to authenticate gcrebassa
2014-12-26T14:32:25+01:00 NOTICE (5): gcrebassa logged in successfully!
2014-12-26T14:32:25+01:00 NOTICE (5): Attempting bind with ldap
2014-12-26T14:32:25+01:00 NOTICE (5): Bind successful setting active server.
2014-12-26T14:32:25+01:00 NOTICE (5): Attempting to get username entry: uid=gcrebassa,DC=emea,DC=msad,DC=sopra against the active ldap server
2014-12-26T14:32:25+01:00 DEBUG (7): Raw Ldap Object: 'uid=gcrebassa,DC=emea,DC=msad,DC=sopra'
2014-12-26T14:32:25+01:00 DEBUG (7): Raw Ldap Object: NULL
2014-12-26T14:32:25+01:00 NOTICE (5): Username entry lookup response: NULL
2014-12-26T14:32:42+01:00 NOTICE (5): Attempting bind with ldap
2014-12-26T14:32:42+01:00 NOTICE (5): Bind successful setting active server.
2014-12-26T14:32:42+01:00 NOTICE (5): Attempting to authenticate gcrebassa
2014-12-26T14:32:42+01:00 NOTICE (5): gcrebassa logged in successfully!
2014-12-26T14:32:42+01:00 NOTICE (5): Attempting bind with ldap
2014-12-26T14:32:42+01:00 NOTICE (5): Bind successful setting active server.
2014-12-26T14:32:42+01:00 NOTICE (5): Attempting to get username entry: uid=gcrebassa,DC=emea,DC=msad,DC=sopra against the active ldap server
2014-12-26T14:32:42+01:00 DEBUG (7): Raw Ldap Object: 'uid=gcrebassa,DC=emea,DC=msad,DC=sopra'
2014-12-26T14:32:42+01:00 DEBUG (7): Raw Ldap Object: NULL
2014-12-26T14:32:42+01:00 NOTICE (5): Username entry lookup response: NULL
2014-12-26T14:33:07+01:00 NOTICE (5): Attempting bind with ldap
2014-12-26T14:33:07+01:00 NOTICE (5): Bind successful setting active server.
2014-12-26T14:33:07+01:00 NOTICE (5): Attempting to authenticate gcrebassa
2014-12-26T14:33:07+01:00 NOTICE (5): gcrebassa logged in successfully!
2014-12-26T14:33:07+01:00 NOTICE (5): Attempting bind with ldap
2014-12-26T14:33:07+01:00 NOTICE (5): Bind successful setting active server.
2014-12-26T14:33:07+01:00 NOTICE (5): Attempting to get username entry: uid=gcrebassa,DC=emea,DC=msad,DC=sopra against the active ldap server
2014-12-26T14:33:07+01:00 DEBUG (7): Raw Ldap Object: 'uid=gcrebassa,DC=emea,DC=msad,DC=sopra'
2014-12-26T14:33:07+01:00 DEBUG (7): Raw Ldap Object: NULL
2014-12-26T14:33:07+01:00 NOTICE (5): Username entry lookup response: NULL
2014-12-26T14:33:18+01:00 NOTICE (5): Attempting bind with ldap
2014-12-26T14:33:18+01:00 NOTICE (5): Bind successful setting active server.
2014-12-26T14:33:18+01:00 NOTICE (5): Attempting to authenticate gcrebassa
2014-12-26T14:33:18+01:00 NOTICE (5): gcrebassa logged in successfully!
2014-12-26T14:33:18+01:00 NOTICE (5): Attempting bind with ldap
2014-12-26T14:33:18+01:00 NOTICE (5): Bind successful setting active server.
2014-12-26T14:33:18+01:00 NOTICE (5): Attempting to get username entry: uid=gcrebassa,DC=emea,DC=msad,DC=sopra against the active ldap server
2014-12-26T14:33:18+01:00 DEBUG (7): Raw Ldap Object: 'uid=gcrebassa,DC=emea,DC=msad,DC=sopra'
2014-12-26T14:33:18+01:00 DEBUG (7): Raw Ldap Object: NULL
2014-12-26T14:33:18+01:00 NOTICE (5): Username entry lookup response: NULL
2014-12-26T14:36:18+01:00 NOTICE (5): Attempting bind with ldap
2014-12-26T14:36:18+01:00 NOTICE (5): Bind successful setting active server.
2014-12-26T14:36:18+01:00 NOTICE (5): Attempting to authenticate gcrebassa
2014-12-26T14:36:18+01:00 NOTICE (5): gcrebassa logged in successfully!
2014-12-26T14:36:18+01:00 NOTICE (5): Attempting bind with ldap
2014-12-26T14:36:18+01:00 NOTICE (5): Bind successful setting active server.
2014-12-26T14:36:18+01:00 NOTICE (5): Attempting to get username entry: uid=gcrebassa,DC=emea,DC=msad,DC=sopra against the active ldap server
2014-12-26T14:36:18+01:00 DEBUG (7): Raw Ldap Object: 'uid=gcrebassa,DC=emea,DC=msad,DC=sopra'
2014-12-26T14:36:18+01:00 DEBUG (7): Raw Ldap Object: NULL
2014-12-26T14:36:18+01:00 NOTICE (5): Username entry lookup response: NULL
2014-12-26T14:36:37+01:00 NOTICE (5): Attempting bind with ldap
2014-12-26T14:36:37+01:00 NOTICE (5): Bind successful setting active server.
2014-12-26T14:36:37+01:00 NOTICE (5): Attempting to authenticate gcrebassa
2014-12-26T14:36:37+01:00 NOTICE (5): gcrebassa logged in successfully!
2014-12-26T14:36:37+01:00 NOTICE (5): Attempting bind with ldap
2014-12-26T14:36:37+01:00 NOTICE (5): Bind successful setting active server.
2014-12-26T14:36:37+01:00 NOTICE (5): Attempting to get username entry: uid=gcrebassa,DC=emea,DC=msad,DC=sopra against the active ldap server
2014-12-26T14:36:37+01:00 DEBUG (7): Raw Ldap Object: 'uid=gcrebassa,DC=emea,DC=msad,DC=sopra'
2014-12-26T14:36:37+01:00 DEBUG (7): Raw Ldap Object: NULL
2014-12-26T14:36:37+01:00 NOTICE (5): Username entry lookup response: NULL
2014-12-26T14:41:16+01:00 NOTICE (5): Attempting bind with ldap
2014-12-26T14:41:16+01:00 NOTICE (5): Bind successful setting active server.
2014-12-26T14:41:16+01:00 NOTICE (5): Attempting to authenticate gcrebassa
2014-12-26T14:41:16+01:00 NOTICE (5): gcrebassa logged in successfully!
2014-12-26T14:41:16+01:00 NOTICE (5): Attempting bind with ldap
2014-12-26T14:41:16+01:00 NOTICE (5): Bind successful setting active server.
2014-12-26T14:41:16+01:00 NOTICE (5): Attempting to get username entry: uid=gcrebassa,DC=emea,DC=msad,DC=sopra against the active ldap server
2014-12-26T14:41:16+01:00 DEBUG (7): Raw Ldap Object: 'uid=gcrebassa,DC=emea,DC=msad,DC=sopra'
2014-12-26T14:41:16+01:00 DEBUG (7): Raw Ldap Object: NULL
2014-12-26T14:41:16+01:00 NOTICE (5): Username entry lookup response: NULL
2014-12-26T14:41:36+01:00 NOTICE (5): Attempting bind with ldap
2014-12-26T14:41:36+01:00 NOTICE (5): Bind successful setting active server.
2014-12-26T14:41:36+01:00 NOTICE (5): Attempting to authenticate gcrebassa
2014-12-26T14:41:36+01:00 NOTICE (5): gcrebassa logged in successfully!
2014-12-26T14:41:36+01:00 NOTICE (5): Attempting bind with ldap
2014-12-26T14:41:36+01:00 NOTICE (5): Bind successful setting active server.
2014-12-26T14:41:36+01:00 NOTICE (5): Attempting to get username entry: uid=gcrebassa,DC=emea,DC=msad,DC=sopra against the active ldap server
2014-12-26T14:41:36+01:00 DEBUG (7): Raw Ldap Object: 'uid=gcrebassa,DC=emea,DC=msad,DC=sopra'
2014-12-26T14:41:36+01:00 DEBUG (7): Raw Ldap Object: NULL
2014-12-26T14:41:36+01:00 NOTICE (5): Username entry lookup response: NULL
2014-12-26T14:44:05+01:00 NOTICE (5): Attempting bind with ldap
2014-12-26T14:44:06+01:00 NOTICE (5): Bind successful setting active server.
2014-12-26T14:44:06+01:00 NOTICE (5): Attempting to authenticate gcrebassa
2014-12-26T14:44:06+01:00 NOTICE (5): gcrebassa logged in successfully!
2014-12-26T14:44:06+01:00 NOTICE (5): Attempting bind with ldap
2014-12-26T14:44:06+01:00 NOTICE (5): Bind successful setting active server.
2014-12-26T14:44:06+01:00 NOTICE (5): Attempting to get username entry: uid=gcrebassa,DC=emea,DC=msad,DC=sopra against the active ldap server
2014-12-26T14:44:06+01:00 DEBUG (7): Raw Ldap Object: 'uid=gcrebassa,DC=emea,DC=msad,DC=sopra'
2014-12-26T14:44:06+01:00 DEBUG (7): Raw Ldap Object: NULL
2014-12-26T14:44:06+01:00 NOTICE (5): Username entry lookup response: NULL
2014-12-26T14:45:38+01:00 NOTICE (5): Attempting bind with ldap
2014-12-26T14:45:38+01:00 NOTICE (5): Bind successful setting active server.
2014-12-26T14:45:38+01:00 NOTICE (5): Attempting to authenticate gcrebassa
2014-12-26T14:45:38+01:00 NOTICE (5): gcrebassa logged in successfully!
2014-12-26T14:45:38+01:00 NOTICE (5): Attempting bind with ldap
2014-12-26T14:45:38+01:00 NOTICE (5): Bind successful setting active server.
2014-12-26T14:45:38+01:00 NOTICE (5): Attempting to get username entry: uid=gcrebassa,DC=emea,DC=msad,DC=sopra against the active ldap server
2014-12-26T14:45:38+01:00 DEBUG (7): Raw Ldap Object: 'uid=gcrebassa,DC=emea,DC=msad,DC=sopra'
2014-12-26T14:45:38+01:00 DEBUG (7): Raw Ldap Object: NULL
2014-12-26T14:45:38+01:00 NOTICE (5): Username entry lookup response: NULL
2014-12-26T14:46:54+01:00 NOTICE (5): Attempting bind with ldap
2014-12-26T14:46:54+01:00 NOTICE (5): Bind successful setting active server.
2014-12-26T14:46:54+01:00 NOTICE (5): Attempting to authenticate gcrebassa
2014-12-26T14:46:54+01:00 NOTICE (5): gcrebassa logged in successfully!
2014-12-26T14:46:54+01:00 NOTICE (5): Attempting bind with ldap
2014-12-26T14:46:54+01:00 NOTICE (5): Bind successful setting active server.
2014-12-26T14:46:54+01:00 NOTICE (5): Attempting to get username entry: uid=gcrebassa,DC=emea,DC=msad,DC=sopra against the active ldap server
2014-12-26T14:46:54+01:00 DEBUG (7): Raw Ldap Object: 'uid=gcrebassa,DC=emea,DC=msad,DC=sopra'
2014-12-26T14:46:54+01:00 DEBUG (7): Raw Ldap Object: NULL
2014-12-26T14:46:54+01:00 NOTICE (5): Username entry lookup response: NULL
2014-12-26T14:47:07+01:00 NOTICE (5): Attempting bind with ldap
2014-12-26T14:47:07+01:00 NOTICE (5): Bind successful setting active server.
2014-12-26T14:47:07+01:00 NOTICE (5): Attempting to authenticate gcrebassa
2014-12-26T14:47:07+01:00 NOTICE (5): gcrebassa logged in successfully!
2014-12-26T14:47:07+01:00 NOTICE (5): Attempting bind with ldap
2014-12-26T14:47:07+01:00 NOTICE (5): Bind successful setting active server.
2014-12-26T14:47:07+01:00 NOTICE (5): Attempting to get username entry: uid=gcrebassa,DC=emea,DC=msad,DC=sopra against the active ldap server
2014-12-26T14:47:07+01:00 DEBUG (7): Raw Ldap Object: 'uid=gcrebassa,DC=emea,DC=msad,DC=sopra'
2014-12-26T14:47:07+01:00 DEBUG (7): Raw Ldap Object: NULL
2014-12-26T14:47:07+01:00 NOTICE (5): Username entry lookup response: NULL
2014-12-26T14:48:15+01:00 NOTICE (5): Attempting bind with ldap
2014-12-26T14:48:15+01:00 NOTICE (5): Bind successful setting active server.
2014-12-26T14:48:15+01:00 NOTICE (5): Attempting to authenticate gcrebassa
2014-12-26T14:48:15+01:00 NOTICE (5): gcrebassa logged in successfully!
2014-12-26T14:48:15+01:00 NOTICE (5): Attempting bind with ldap
2014-12-26T14:48:15+01:00 NOTICE (5): Bind successful setting active server.
2014-12-26T14:48:15+01:00 NOTICE (5): Attempting to get username entry: uid=gcrebassa,DC=emea,DC=msad,DC=sopra against the active ldap server
2014-12-26T14:48:15+01:00 DEBUG (7): Raw Ldap Object: 'uid=gcrebassa,DC=emea,DC=msad,DC=sopra'
2014-12-26T14:48:15+01:00 DEBUG (7): Raw Ldap Object: NULL
2014-12-26T14:48:15+01:00 NOTICE (5): Username entry lookup response: NULL
2014-12-26T14:49:03+01:00 NOTICE (5): Attempting bind with ldap
2014-12-26T14:49:17+01:00 NOTICE (5): Attempting bind with ldap
2014-12-26T14:49:17+01:00 NOTICE (5): Bind successful setting active server.
2014-12-26T14:49:17+01:00 NOTICE (5): Attempting to authenticate gcrebassa
2014-12-26T14:49:17+01:00 NOTICE (5): gcrebassa logged in successfully!
2014-12-26T14:49:17+01:00 NOTICE (5): Attempting bind with ldap
2014-12-26T14:49:17+01:00 NOTICE (5): Bind successful setting active server.
2014-12-26T14:49:17+01:00 NOTICE (5): Attempting to get username entry: uid=gcrebassa,DC=emea,DC=msad,DC=sopra against the active ldap server
2014-12-26T14:49:37+01:00 NOTICE (5): Attempting bind with ldap
2014-12-26T14:49:37+01:00 NOTICE (5): Bind successful setting active server.
2014-12-26T14:49:37+01:00 NOTICE (5): Attempting to authenticate gcrebassa
2014-12-26T14:49:37+01:00 NOTICE (5): gcrebassa logged in successfully!
2014-12-26T14:49:37+01:00 NOTICE (5): Attempting bind with ldap
2014-12-26T14:49:37+01:00 NOTICE (5): Bind successful setting active server.
2014-12-26T14:49:37+01:00 NOTICE (5): Attempting to get username entry: uid=gcrebassa,DC=emea,DC=msad,DC=sopra against the active ldap server
2014-12-26T14:49:37+01:00 DEBUG (7): Raw Ldap Object: 'uid=gcrebassa,DC=emea,DC=msad,DC=sopra'
2014-12-26T14:49:37+01:00 DEBUG (7): Raw Ldap Object: NULL
2014-12-26T14:49:37+01:00 NOTICE (5): Username entry lookup response: NULL
2014-12-26T14:52:17+01:00 NOTICE (5): Attempting bind with ldap
2014-12-26T14:52:17+01:00 NOTICE (5): Bind successful setting active server.
2014-12-26T14:52:17+01:00 NOTICE (5): Attempting to authenticate gcrebassa
2014-12-26T14:52:17+01:00 NOTICE (5): gcrebassa logged in successfully!
2014-12-26T14:52:17+01:00 NOTICE (5): Attempting bind with ldap
2014-12-26T14:52:17+01:00 NOTICE (5): Bind successful setting active server.
2014-12-26T14:52:17+01:00 NOTICE (5): Attempting to get username entry: uid=gcrebassa,DC=emea,DC=msad,DC=sopra against the active ldap server
2014-12-26T14:52:17+01:00 DEBUG (7): Raw Ldap Object: 'uid=gcrebassa,DC=emea,DC=msad,DC=sopra'
2014-12-26T14:52:17+01:00 DEBUG (7): Raw Ldap Object: NULL
2014-12-26T14:52:17+01:00 NOTICE (5): Username entry lookup response: NULL
2014-12-26T14:54:38+01:00 NOTICE (5): Attempting bind with ldap
2014-12-26T14:54:38+01:00 NOTICE (5): Bind successful setting active server.
2014-12-26T14:54:38+01:00 NOTICE (5): Attempting to authenticate gcrebassa
2014-12-26T14:54:39+01:00 NOTICE (5): gcrebassa logged in successfully!
2014-12-26T14:54:39+01:00 NOTICE (5): Attempting bind with ldap
2014-12-26T14:54:39+01:00 NOTICE (5): Bind successful setting active server.
2014-12-26T14:54:39+01:00 NOTICE (5): Attempting to get username entry: uid=gcrebassa,DC=emea,DC=msad,DC=sopra against the active ldap server
2014-12-26T14:54:39+01:00 DEBUG (7): Raw Ldap Object: 'uid=gcrebassa,DC=emea,DC=msad,DC=sopra'
2014-12-26T14:54:39+01:00 DEBUG (7): Raw Ldap Object: NULL
2014-12-26T14:54:39+01:00 NOTICE (5): Username entry lookup response: NULL
2014-12-26T14:55:17+01:00 NOTICE (5): Attempting bind with ldap
2014-12-26T14:55:17+01:00 NOTICE (5): Bind successful setting active server.
2014-12-26T14:55:17+01:00 NOTICE (5): Attempting to authenticate gcrebassa
2014-12-26T14:55:17+01:00 NOTICE (5): gcrebassa logged in successfully!
2014-12-26T14:55:17+01:00 NOTICE (5): Attempting bind with ldap
2014-12-26T14:55:17+01:00 NOTICE (5): Bind successful setting active server.
2014-12-26T14:55:17+01:00 NOTICE (5): Attempting to get username entry: uid=gcrebassa,DC=emea,DC=msad,DC=sopra against the active ldap server
2014-12-26T14:55:17+01:00 DEBUG (7): Raw Ldap Object: 'uid=gcrebassa,DC=emea,DC=msad,DC=sopra'
2014-12-26T14:55:17+01:00 DEBUG (7): Raw Ldap Object: NULL
2014-12-26T14:55:17+01:00 NOTICE (5): Username entry lookup response: NULL
2014-12-26T14:55:24+01:00 NOTICE (5): Attempting bind with ldap
2014-12-26T14:55:24+01:00 NOTICE (5): Bind successful setting active server.
2014-12-26T14:55:24+01:00 NOTICE (5): Attempting to authenticate gcrebassa
2014-12-26T14:55:24+01:00 NOTICE (5): gcrebassa logged in successfully!
2014-12-26T14:55:24+01:00 NOTICE (5): Attempting bind with ldap
2014-12-26T14:55:24+01:00 NOTICE (5): Bind successful setting active server.
2014-12-26T14:55:24+01:00 NOTICE (5): Attempting to get username entry: uid=gcrebassa,DC=emea,DC=msad,DC=sopra against the active ldap server
2014-12-26T14:55:24+01:00 DEBUG (7): Raw Ldap Object: 'uid=gcrebassa,DC=emea,DC=msad,DC=sopra'
2014-12-26T14:55:24+01:00 DEBUG (7): Raw Ldap Object: NULL
2014-12-26T14:55:24+01:00 NOTICE (5): Username entry lookup response: NULL
2014-12-26T14:57:48+01:00 NOTICE (5): Attempting bind with ldap
2014-12-26T14:57:48+01:00 NOTICE (5): Bind successful setting active server.
2014-12-26T14:57:48+01:00 NOTICE (5): Attempting to authenticate gcrebassa
2014-12-26T14:57:48+01:00 NOTICE (5): gcrebassa logged in successfully!
2014-12-26T14:57:48+01:00 NOTICE (5): Attempting bind with ldap
2014-12-26T14:57:48+01:00 NOTICE (5): Bind successful setting active server.
2014-12-26T14:57:48+01:00 NOTICE (5): Attempting to get username entry: uid=gcrebassa,DC=emea,DC=msad,DC=sopra against the active ldap server
2014-12-26T14:57:48+01:00 DEBUG (7): Raw Ldap Object: 'uid=gcrebassa,DC=emea,DC=msad,DC=sopra'
2014-12-26T14:57:48+01:00 DEBUG (7): Raw Ldap Object: NULL
2014-12-26T14:57:48+01:00 NOTICE (5): Username entry lookup response: NULL
2014-12-26T14:58:53+01:00 NOTICE (5): Attempting bind with ldap
2014-12-26T14:58:53+01:00 NOTICE (5): Bind successful setting active server.
2014-12-26T14:58:53+01:00 NOTICE (5): Attempting to authenticate gcrebassa
2014-12-26T14:58:53+01:00 NOTICE (5): gcrebassa logged in successfully!
2014-12-26T14:58:53+01:00 NOTICE (5): Attempting bind with ldap
2014-12-26T14:58:53+01:00 NOTICE (5): Bind successful setting active server.
2014-12-26T14:58:53+01:00 NOTICE (5): Attempting to get username entry: uid=gcrebassa,DC=emea,DC=msad,DC=sopra against the active ldap server
2014-12-26T14:58:53+01:00 DEBUG (7): Raw Ldap Object: 'uid=gcrebassa,DC=emea,DC=msad,DC=sopra'
2014-12-26T14:58:53+01:00 DEBUG (7): Raw Ldap Object: NULL
2014-12-26T14:58:53+01:00 NOTICE (5): Username entry lookup response: NULL
2014-12-26T15:07:26+01:00 NOTICE (5): Attempting bind with ldap
2014-12-26T15:07:26+01:00 NOTICE (5): Attempting bind with ldap
2014-12-26T15:07:26+01:00 NOTICE (5): Bind successful setting active server.
2014-12-26T15:07:26+01:00 NOTICE (5): Attempting to authenticate gcrebassa
2014-12-26T15:08:25+01:00 NOTICE (5): Attempting bind with ldap
2014-12-26T15:08:25+01:00 NOTICE (5): Attempting bind with ldap
2014-12-26T15:08:25+01:00 NOTICE (5): Bind successful setting active server.
2014-12-26T15:08:25+01:00 NOTICE (5): Attempting to authenticate gcrebassa
2014-12-26T15:08:38+01:00 NOTICE (5): Attempting bind with ldap
2014-12-26T15:08:38+01:00 NOTICE (5): Bind successful setting active server.
2014-12-26T15:08:38+01:00 NOTICE (5): Attempting to authenticate gcrebassa
2014-12-26T15:08:38+01:00 NOTICE (5): gcrebassa logged in successfully!
2014-12-26T15:08:38+01:00 NOTICE (5): Attempting bind with ldap
2014-12-26T15:08:38+01:00 NOTICE (5): Bind successful setting active server.
2014-12-26T15:08:38+01:00 NOTICE (5): Attempting to get username entry: uid=gcrebassa,DC=emea,DC=msad,DC=sopra against the active ldap server
2014-12-26T15:08:38+01:00 DEBUG (7): Raw Ldap Object: 'uid=gcrebassa,DC=emea,DC=msad,DC=sopra'
2014-12-26T15:08:38+01:00 DEBUG (7): Raw Ldap Object: NULL
2014-12-26T15:08:38+01:00 NOTICE (5): Username entry lookup response: NULL
2014-12-26T15:20:53+01:00 NOTICE (5): Attempting bind with ldap
2014-12-26T15:20:53+01:00 NOTICE (5): Attempting to authenticate gcrebassa
2014-12-26T15:20:53+01:00 NOTICE (5): gcrebassa AUTHENTICATION FAILED!, error output: array (
  0 => 'An unexpected failure occurred',
  1 => '0x51 (Can\'t contact LDAP server; TLS error -8179:Peer\'s Certificate issuer is not recognized.): ldaps://wbrusdc01.has.be.soprabanking',
  2 => 'host=wbrusdc01.has.be.soprabanking,useStartTls=,useSsl=1,bindRequiresDn=,accountDomainName=has.be.soprabanking,accountDomainNameShort=EMEAAD,accountCanonicalForm=3,baseDn=DC=emea,DC=msad,DC=sopra',
  3 => '/var/www/html/Enventory/vendor/zendframework/zendframework/library/Zend/Ldap/Ldap.php(837): 0x51 (Can\'t contact LDAP server; TLS error -8179:Peer\'s Certificate issuer is not recognized.): ldaps://wbrusdc01.has.be.soprabanking',
  4 => '#0 /var/www/html/Enventory/vendor/zendframework/zendframework/library/Zend/Authentication/Adapter/Ldap.php(244): Zend\\Ldap\\Ldap->bind(\'EMEAAD\\\\gcrebass...\', \'*****\')
#1 /var/www/html/Enventory/vendor/zendframework/zendframework/library/Zend/Authentication/AuthenticationService.php(110): Zend\\Authentication\\Adapter\\Ldap->authenticate()
#2 /var/www/html/Enventory/vendor/nitecon/zfcuser-ldap/src/ZfcUserLdap/Adapter/Ldap.php(153): Zend\\Authentication\\AuthenticationService->authenticate(Object(Zend\\Authentication\\Adapter\\Ldap))
#3 /var/www/html/Enventory/vendor/nitecon/zfcuser-ldap/src/ZfcUserLdap/Authentication/Adapter/LdapAuth.php(61): ZfcUserLdap\\Adapter\\Ldap->authenticate(\'gcrebassa\', \'*****\')
#4 [internal function]: ZfcUserLdap\\Authentication\\Adapter\\LdapAuth->authenticate(Object(ZfcUser\\Authentication\\Adapter\\AdapterChainEvent))
#5 /var/www/html/Enventory/vendor/zendframework/zendframework/library/Zend/EventManager/EventManager.php(468): call_user_func(Array, Object(ZfcUser\\Authentication\\Adapter\\AdapterChainEvent))
#6 /var/www/html/Enventory/vendor/zendframework/zendframework/library/Zend/EventManager/EventManager.php(207): Zend\\EventManager\\EventManager->triggerListeners(\'authenticate\', Object(ZfcUser\\Authentication\\Adapter\\AdapterChainEvent), Object(Closure))
#7 /var/www/html/Enventory/vendor/zf-commons/zfc-user/src/ZfcUser/Authentication/Adapter/AdapterChain.php(56): Zend\\EventManager\\EventManager->trigger(\'authenticate\', Object(ZfcUser\\Authentication\\Adapter\\AdapterChainEvent), Object(Closure))
#8 /var/www/html/Enventory/vendor/zf-commons/zfc-user/src/ZfcUser/Controller/UserController.php(139): ZfcUser\\Authentication\\Adapter\\AdapterChain->prepareForAuthentication(Object(Zend\\Http\\PhpEnvironment\\Request))
#9 /var/www/html/Enventory/vendor/zendframework/zendframework/library/Zend/Mvc/Controller/AbstractActionController.php(83): ZfcUser\\Controller\\UserController->authenticateAction()
#10 [internal function]: Zend\\Mvc\\Controller\\AbstractActionController->onDispatch(Object(Zend\\Mvc\\MvcEvent))
#11 /var/www/html/Enventory/vendor/zendframework/zendframework/library/Zend/EventManager/EventManager.php(468): call_user_func(Array, Object(Zend\\Mvc\\MvcEvent))
#12 /var/www/html/Enventory/vendor/zendframework/zendframework/library/Zend/EventManager/EventManager.php(207): Zend\\EventManager\\EventManager->triggerListeners(\'dispatch\', Object(Zend\\Mvc\\MvcEvent), Object(Closure))
#13 /var/www/html/Enventory/vendor/zendframework/zendframework/library/Zend/Mvc/Controller/AbstractController.php(117): Zend\\EventManager\\EventManager->trigger(\'dispatch\', Object(Zend\\Mvc\\MvcEvent), Object(Closure))
#14 /var/www/html/Enventory/vendor/zendframework/zendframework/library/Zend/Mvc/Controller/Plugin/Forward.php(138): Zend\\Mvc\\Controller\\AbstractController->dispatch(Object(Zend\\Http\\PhpEnvironment\\Request), Object(Zend\\Http\\PhpEnvironment\\Response))
#15 /var/www/html/Enventory/vendor/zf-commons/zfc-user/src/ZfcUser/Controller/UserController.php(106): Zend\\Mvc\\Controller\\Plugin\\Forward->dispatch(\'zfcuser\', Array)
#16 /var/www/html/Enventory/vendor/zendframework/zendframework/library/Zend/Mvc/Controller/AbstractActionController.php(83): ZfcUser\\Controller\\UserController->loginAction()
#17 [internal function]: Zend\\Mvc\\Controller\\AbstractActionController->onDispatch(Object(Zend\\Mvc\\MvcEvent))
#18 /var/www/html/Enventory/vendor/zendframework/zendframework/library/Zend/EventManager/EventManager.php(468): call_user_func(Array, Object(Zend\\Mvc\\MvcEvent))
#19 /var/www/html/Enventory/vendor/zendframework/zendframework/library/Zend/EventManager/EventManager.php(207): Zend\\EventManager\\EventManager->triggerListeners(\'dispatch\', Object(Zend\\Mvc\\MvcEvent), Object(Closure))
#20 /var/www/html/Enventory/vendor/zendframework/zendframework/library/Zend/Mvc/Controller/AbstractController.php(117): Zend\\EventManager\\EventManager->trigger(\'dispatch\', Object(Zend\\Mvc\\MvcEvent), Object(Closure))
#21 /var/www/html/Enventory/vendor/zendframework/zendframework/library/Zend/Mvc/DispatchListener.php(114): Zend\\Mvc\\Controller\\AbstractController->dispatch(Object(Zend\\Http\\PhpEnvironment\\Request), Object(Zend\\Http\\PhpEnvironment\\Response))
#22 [internal function]: Zend\\Mvc\\DispatchListener->onDispatch(Object(Zend\\Mvc\\MvcEvent))
#23 /var/www/html/Enventory/vendor/zendframework/zendframework/library/Zend/EventManager/EventManager.php(468): call_user_func(Array, Object(Zend\\Mvc\\MvcEvent))
#24 /var/www/html/Enventory/vendor/zendframework/zendframework/library/Zend/EventManager/EventManager.php(207): Zend\\EventManager\\EventManager->triggerListeners(\'dispatch\', Object(Zend\\Mvc\\MvcEvent), Object(Closure))
#25 /var/www/html/Enventory/vendor/zendframework/zendframework/library/Zend/Mvc/Application.php(309): Zend\\EventManager\\EventManager->trigger(\'dispatch\', Object(Zend\\Mvc\\MvcEvent), Object(Closure))
#26 /var/www/html/Enventory/php/index.php(21): Zend\\Mvc\\Application->run()
#27 {main}',
  5 => 'gcrebassa authentication failed: 0x51 (Can\'t contact LDAP server; TLS error -8179:Peer\'s Certificate issuer is not recognized.): ldaps://wbrusdc01.has.be.soprabanking',
)
2014-12-26T15:21:09+01:00 NOTICE (5): Attempting bind with ldap
2014-12-26T15:21:09+01:00 NOTICE (5): Attempting to authenticate gcrebassa
2014-12-26T15:21:09+01:00 NOTICE (5): gcrebassa AUTHENTICATION FAILED!, error output: array (
  0 => 'An unexpected failure occurred',
  1 => '0x51 (Can\'t contact LDAP server; TLS error -8179:Peer\'s Certificate issuer is not recognized.): ldaps://wbrusdc01.has.be.soprabanking',
  2 => 'host=wbrusdc01.has.be.soprabanking,useStartTls=,useSsl=1,bindRequiresDn=,accountDomainName=has.be.soprabanking,accountDomainNameShort=EMEAAD,accountCanonicalForm=3,baseDn=DC=emea,DC=msad,DC=sopra',
  3 => '/var/www/html/Enventory/vendor/zendframework/zendframework/library/Zend/Ldap/Ldap.php(837): 0x51 (Can\'t contact LDAP server; TLS error -8179:Peer\'s Certificate issuer is not recognized.): ldaps://wbrusdc01.has.be.soprabanking',
  4 => '#0 /var/www/html/Enventory/vendor/zendframework/zendframework/library/Zend/Authentication/Adapter/Ldap.php(244): Zend\\Ldap\\Ldap->bind(\'EMEAAD\\\\gcrebass...\', \'*****\')
#1 /var/www/html/Enventory/vendor/zendframework/zendframework/library/Zend/Authentication/AuthenticationService.php(110): Zend\\Authentication\\Adapter\\Ldap->authenticate()
#2 /var/www/html/Enventory/vendor/nitecon/zfcuser-ldap/src/ZfcUserLdap/Adapter/Ldap.php(153): Zend\\Authentication\\AuthenticationService->authenticate(Object(Zend\\Authentication\\Adapter\\Ldap))
#3 /var/www/html/Enventory/vendor/nitecon/zfcuser-ldap/src/ZfcUserLdap/Authentication/Adapter/LdapAuth.php(61): ZfcUserLdap\\Adapter\\Ldap->authenticate(\'gcrebassa\', \'*****\')
#4 [internal function]: ZfcUserLdap\\Authentication\\Adapter\\LdapAuth->authenticate(Object(ZfcUser\\Authentication\\Adapter\\AdapterChainEvent))
#5 /var/www/html/Enventory/vendor/zendframework/zendframework/library/Zend/EventManager/EventManager.php(468): call_user_func(Array, Object(ZfcUser\\Authentication\\Adapter\\AdapterChainEvent))
#6 /var/www/html/Enventory/vendor/zendframework/zendframework/library/Zend/EventManager/EventManager.php(207): Zend\\EventManager\\EventManager->triggerListeners(\'authenticate\', Object(ZfcUser\\Authentication\\Adapter\\AdapterChainEvent), Object(Closure))
#7 /var/www/html/Enventory/vendor/zf-commons/zfc-user/src/ZfcUser/Authentication/Adapter/AdapterChain.php(56): Zend\\EventManager\\EventManager->trigger(\'authenticate\', Object(ZfcUser\\Authentication\\Adapter\\AdapterChainEvent), Object(Closure))
#8 /var/www/html/Enventory/vendor/zf-commons/zfc-user/src/ZfcUser/Controller/UserController.php(139): ZfcUser\\Authentication\\Adapter\\AdapterChain->prepareForAuthentication(Object(Zend\\Http\\PhpEnvironment\\Request))
#9 /var/www/html/Enventory/vendor/zendframework/zendframework/library/Zend/Mvc/Controller/AbstractActionController.php(83): ZfcUser\\Controller\\UserController->authenticateAction()
#10 [internal function]: Zend\\Mvc\\Controller\\AbstractActionController->onDispatch(Object(Zend\\Mvc\\MvcEvent))
#11 /var/www/html/Enventory/vendor/zendframework/zendframework/library/Zend/EventManager/EventManager.php(468): call_user_func(Array, Object(Zend\\Mvc\\MvcEvent))
#12 /var/www/html/Enventory/vendor/zendframework/zendframework/library/Zend/EventManager/EventManager.php(207): Zend\\EventManager\\EventManager->triggerListeners(\'dispatch\', Object(Zend\\Mvc\\MvcEvent), Object(Closure))
#13 /var/www/html/Enventory/vendor/zendframework/zendframework/library/Zend/Mvc/Controller/AbstractController.php(117): Zend\\EventManager\\EventManager->trigger(\'dispatch\', Object(Zend\\Mvc\\MvcEvent), Object(Closure))
#14 /var/www/html/Enventory/vendor/zendframework/zendframework/library/Zend/Mvc/Controller/Plugin/Forward.php(138): Zend\\Mvc\\Controller\\AbstractController->dispatch(Object(Zend\\Http\\PhpEnvironment\\Request), Object(Zend\\Http\\PhpEnvironment\\Response))
#15 /var/www/html/Enventory/vendor/zf-commons/zfc-user/src/ZfcUser/Controller/UserController.php(106): Zend\\Mvc\\Controller\\Plugin\\Forward->dispatch(\'zfcuser\', Array)
#16 /var/www/html/Enventory/vendor/zendframework/zendframework/library/Zend/Mvc/Controller/AbstractActionController.php(83): ZfcUser\\Controller\\UserController->loginAction()
#17 [internal function]: Zend\\Mvc\\Controller\\AbstractActionController->onDispatch(Object(Zend\\Mvc\\MvcEvent))
#18 /var/www/html/Enventory/vendor/zendframework/zendframework/library/Zend/EventManager/EventManager.php(468): call_user_func(Array, Object(Zend\\Mvc\\MvcEvent))
#19 /var/www/html/Enventory/vendor/zendframework/zendframework/library/Zend/EventManager/EventManager.php(207): Zend\\EventManager\\EventManager->triggerListeners(\'dispatch\', Object(Zend\\Mvc\\MvcEvent), Object(Closure))
#20 /var/www/html/Enventory/vendor/zendframework/zendframework/library/Zend/Mvc/Controller/AbstractController.php(117): Zend\\EventManager\\EventManager->trigger(\'dispatch\', Object(Zend\\Mvc\\MvcEvent), Object(Closure))
#21 /var/www/html/Enventory/vendor/zendframework/zendframework/library/Zend/Mvc/DispatchListener.php(114): Zend\\Mvc\\Controller\\AbstractController->dispatch(Object(Zend\\Http\\PhpEnvironment\\Request), Object(Zend\\Http\\PhpEnvironment\\Response))
#22 [internal function]: Zend\\Mvc\\DispatchListener->onDispatch(Object(Zend\\Mvc\\MvcEvent))
#23 /var/www/html/Enventory/vendor/zendframework/zendframework/library/Zend/EventManager/EventManager.php(468): call_user_func(Array, Object(Zend\\Mvc\\MvcEvent))
#24 /var/www/html/Enventory/vendor/zendframework/zendframework/library/Zend/EventManager/EventManager.php(207): Zend\\EventManager\\EventManager->triggerListeners(\'dispatch\', Object(Zend\\Mvc\\MvcEvent), Object(Closure))
#25 /var/www/html/Enventory/vendor/zendframework/zendframework/library/Zend/Mvc/Application.php(309): Zend\\EventManager\\EventManager->trigger(\'dispatch\', Object(Zend\\Mvc\\MvcEvent), Object(Closure))
#26 /var/www/html/Enventory/php/index.php(21): Zend\\Mvc\\Application->run()
#27 {main}',
  5 => 'gcrebassa authentication failed: 0x51 (Can\'t contact LDAP server; TLS error -8179:Peer\'s Certificate issuer is not recognized.): ldaps://wbrusdc01.has.be.soprabanking',
)
2014-12-26T15:21:17+01:00 NOTICE (5): Attempting bind with ldap
2014-12-26T15:21:17+01:00 NOTICE (5): Attempting to authenticate gcrebassa
2014-12-26T15:21:17+01:00 NOTICE (5): gcrebassa AUTHENTICATION FAILED!, error output: array (
  0 => 'An unexpected failure occurred',
  1 => '0x51 (Can\'t contact LDAP server; TLS error -8179:Peer\'s Certificate issuer is not recognized.): ldaps://wbrusdc01.has.be.soprabanking',
  2 => 'host=wbrusdc01.has.be.soprabanking,useStartTls=,useSsl=1,bindRequiresDn=,accountDomainName=has.be.soprabanking,accountDomainNameShort=EMEAAD,accountCanonicalForm=3,baseDn=DC=emea,DC=msad,DC=sopra',
  3 => '/var/www/html/Enventory/vendor/zendframework/zendframework/library/Zend/Ldap/Ldap.php(837): 0x51 (Can\'t contact LDAP server; TLS error -8179:Peer\'s Certificate issuer is not recognized.): ldaps://wbrusdc01.has.be.soprabanking',
  4 => '#0 /var/www/html/Enventory/vendor/zendframework/zendframework/library/Zend/Authentication/Adapter/Ldap.php(244): Zend\\Ldap\\Ldap->bind(\'EMEAAD\\\\gcrebass...\', \'*****\')
#1 /var/www/html/Enventory/vendor/zendframework/zendframework/library/Zend/Authentication/AuthenticationService.php(110): Zend\\Authentication\\Adapter\\Ldap->authenticate()
#2 /var/www/html/Enventory/vendor/nitecon/zfcuser-ldap/src/ZfcUserLdap/Adapter/Ldap.php(153): Zend\\Authentication\\AuthenticationService->authenticate(Object(Zend\\Authentication\\Adapter\\Ldap))
#3 /var/www/html/Enventory/vendor/nitecon/zfcuser-ldap/src/ZfcUserLdap/Authentication/Adapter/LdapAuth.php(61): ZfcUserLdap\\Adapter\\Ldap->authenticate(\'gcrebassa\', \'*****\')
#4 [internal function]: ZfcUserLdap\\Authentication\\Adapter\\LdapAuth->authenticate(Object(ZfcUser\\Authentication\\Adapter\\AdapterChainEvent))
#5 /var/www/html/Enventory/vendor/zendframework/zendframework/library/Zend/EventManager/EventManager.php(468): call_user_func(Array, Object(ZfcUser\\Authentication\\Adapter\\AdapterChainEvent))
#6 /var/www/html/Enventory/vendor/zendframework/zendframework/library/Zend/EventManager/EventManager.php(207): Zend\\EventManager\\EventManager->triggerListeners(\'authenticate\', Object(ZfcUser\\Authentication\\Adapter\\AdapterChainEvent), Object(Closure))
#7 /var/www/html/Enventory/vendor/zf-commons/zfc-user/src/ZfcUser/Authentication/Adapter/AdapterChain.php(56): Zend\\EventManager\\EventManager->trigger(\'authenticate\', Object(ZfcUser\\Authentication\\Adapter\\AdapterChainEvent), Object(Closure))
#8 /var/www/html/Enventory/vendor/zf-commons/zfc-user/src/ZfcUser/Controller/UserController.php(139): ZfcUser\\Authentication\\Adapter\\AdapterChain->prepareForAuthentication(Object(Zend\\Http\\PhpEnvironment\\Request))
#9 /var/www/html/Enventory/vendor/zendframework/zendframework/library/Zend/Mvc/Controller/AbstractActionController.php(83): ZfcUser\\Controller\\UserController->authenticateAction()
#10 [internal function]: Zend\\Mvc\\Controller\\AbstractActionController->onDispatch(Object(Zend\\Mvc\\MvcEvent))
#11 /var/www/html/Enventory/vendor/zendframework/zendframework/library/Zend/EventManager/EventManager.php(468): call_user_func(Array, Object(Zend\\Mvc\\MvcEvent))
#12 /var/www/html/Enventory/vendor/zendframework/zendframework/library/Zend/EventManager/EventManager.php(207): Zend\\EventManager\\EventManager->triggerListeners(\'dispatch\', Object(Zend\\Mvc\\MvcEvent), Object(Closure))
#13 /var/www/html/Enventory/vendor/zendframework/zendframework/library/Zend/Mvc/Controller/AbstractController.php(117): Zend\\EventManager\\EventManager->trigger(\'dispatch\', Object(Zend\\Mvc\\MvcEvent), Object(Closure))
#14 /var/www/html/Enventory/vendor/zendframework/zendframework/library/Zend/Mvc/Controller/Plugin/Forward.php(138): Zend\\Mvc\\Controller\\AbstractController->dispatch(Object(Zend\\Http\\PhpEnvironment\\Request), Object(Zend\\Http\\PhpEnvironment\\Response))
#15 /var/www/html/Enventory/vendor/zf-commons/zfc-user/src/ZfcUser/Controller/UserController.php(106): Zend\\Mvc\\Controller\\Plugin\\Forward->dispatch(\'zfcuser\', Array)
#16 /var/www/html/Enventory/vendor/zendframework/zendframework/library/Zend/Mvc/Controller/AbstractActionController.php(83): ZfcUser\\Controller\\UserController->loginAction()
#17 [internal function]: Zend\\Mvc\\Controller\\AbstractActionController->onDispatch(Object(Zend\\Mvc\\MvcEvent))
#18 /var/www/html/Enventory/vendor/zendframework/zendframework/library/Zend/EventManager/EventManager.php(468): call_user_func(Array, Object(Zend\\Mvc\\MvcEvent))
#19 /var/www/html/Enventory/vendor/zendframework/zendframework/library/Zend/EventManager/EventManager.php(207): Zend\\EventManager\\EventManager->triggerListeners(\'dispatch\', Object(Zend\\Mvc\\MvcEvent), Object(Closure))
#20 /var/www/html/Enventory/vendor/zendframework/zendframework/library/Zend/Mvc/Controller/AbstractController.php(117): Zend\\EventManager\\EventManager->trigger(\'dispatch\', Object(Zend\\Mvc\\MvcEvent), Object(Closure))
#21 /var/www/html/Enventory/vendor/zendframework/zendframework/library/Zend/Mvc/DispatchListener.php(114): Zend\\Mvc\\Controller\\AbstractController->dispatch(Object(Zend\\Http\\PhpEnvironment\\Request), Object(Zend\\Http\\PhpEnvironment\\Response))
#22 [internal function]: Zend\\Mvc\\DispatchListener->onDispatch(Object(Zend\\Mvc\\MvcEvent))
#23 /var/www/html/Enventory/vendor/zendframework/zendframework/library/Zend/EventManager/EventManager.php(468): call_user_func(Array, Object(Zend\\Mvc\\MvcEvent))
#24 /var/www/html/Enventory/vendor/zendframework/zendframework/library/Zend/EventManager/EventManager.php(207): Zend\\EventManager\\EventManager->triggerListeners(\'dispatch\', Object(Zend\\Mvc\\MvcEvent), Object(Closure))
#25 /var/www/html/Enventory/vendor/zendframework/zendframework/library/Zend/Mvc/Application.php(309): Zend\\EventManager\\EventManager->trigger(\'dispatch\', Object(Zend\\Mvc\\MvcEvent), Object(Closure))
#26 /var/www/html/Enventory/php/index.php(21): Zend\\Mvc\\Application->run()
#27 {main}',
  5 => 'gcrebassa authentication failed: 0x51 (Can\'t contact LDAP server; TLS error -8179:Peer\'s Certificate issuer is not recognized.): ldaps://wbrusdc01.has.be.soprabanking',
)
2014-12-26T15:21:33+01:00 NOTICE (5): Attempting bind with ldap
2014-12-26T15:21:33+01:00 NOTICE (5): Attempting to authenticate gcrebassa
2014-12-26T15:21:33+01:00 NOTICE (5): gcrebassa AUTHENTICATION FAILED!, error output: array (
  0 => 'An unexpected failure occurred',
  1 => '0x51 (Can\'t contact LDAP server; TLS error -8179:Peer\'s Certificate issuer is not recognized.): ldaps://wbrusdc01.has.be.soprabanking',
  2 => 'host=wbrusdc01.has.be.soprabanking,useStartTls=,useSsl=1,bindRequiresDn=,accountDomainName=has.be.soprabanking,accountDomainNameShort=EMEAAD,accountCanonicalForm=3,baseDn=DC=emea,DC=msad,DC=sopra',
  3 => '/var/www/html/Enventory/vendor/zendframework/zendframework/library/Zend/Ldap/Ldap.php(837): 0x51 (Can\'t contact LDAP server; TLS error -8179:Peer\'s Certificate issuer is not recognized.): ldaps://wbrusdc01.has.be.soprabanking',
  4 => '#0 /var/www/html/Enventory/vendor/zendframework/zendframework/library/Zend/Authentication/Adapter/Ldap.php(244): Zend\\Ldap\\Ldap->bind(\'EMEAAD\\\\gcrebass...\', \'*****\')
#1 /var/www/html/Enventory/vendor/zendframework/zendframework/library/Zend/Authentication/AuthenticationService.php(110): Zend\\Authentication\\Adapter\\Ldap->authenticate()
#2 /var/www/html/Enventory/vendor/nitecon/zfcuser-ldap/src/ZfcUserLdap/Adapter/Ldap.php(153): Zend\\Authentication\\AuthenticationService->authenticate(Object(Zend\\Authentication\\Adapter\\Ldap))
#3 /var/www/html/Enventory/vendor/nitecon/zfcuser-ldap/src/ZfcUserLdap/Authentication/Adapter/LdapAuth.php(61): ZfcUserLdap\\Adapter\\Ldap->authenticate(\'gcrebassa\', \'*****\')
#4 [internal function]: ZfcUserLdap\\Authentication\\Adapter\\LdapAuth->authenticate(Object(ZfcUser\\Authentication\\Adapter\\AdapterChainEvent))
#5 /var/www/html/Enventory/vendor/zendframework/zendframework/library/Zend/EventManager/EventManager.php(468): call_user_func(Array, Object(ZfcUser\\Authentication\\Adapter\\AdapterChainEvent))
#6 /var/www/html/Enventory/vendor/zendframework/zendframework/library/Zend/EventManager/EventManager.php(207): Zend\\EventManager\\EventManager->triggerListeners(\'authenticate\', Object(ZfcUser\\Authentication\\Adapter\\AdapterChainEvent), Object(Closure))
#7 /var/www/html/Enventory/vendor/zf-commons/zfc-user/src/ZfcUser/Authentication/Adapter/AdapterChain.php(56): Zend\\EventManager\\EventManager->trigger(\'authenticate\', Object(ZfcUser\\Authentication\\Adapter\\AdapterChainEvent), Object(Closure))
#8 /var/www/html/Enventory/vendor/zf-commons/zfc-user/src/ZfcUser/Controller/UserController.php(139): ZfcUser\\Authentication\\Adapter\\AdapterChain->prepareForAuthentication(Object(Zend\\Http\\PhpEnvironment\\Request))
#9 /var/www/html/Enventory/vendor/zendframework/zendframework/library/Zend/Mvc/Controller/AbstractActionController.php(83): ZfcUser\\Controller\\UserController->authenticateAction()
#10 [internal function]: Zend\\Mvc\\Controller\\AbstractActionController->onDispatch(Object(Zend\\Mvc\\MvcEvent))
#11 /var/www/html/Enventory/vendor/zendframework/zendframework/library/Zend/EventManager/EventManager.php(468): call_user_func(Array, Object(Zend\\Mvc\\MvcEvent))
#12 /var/www/html/Enventory/vendor/zendframework/zendframework/library/Zend/EventManager/EventManager.php(207): Zend\\EventManager\\EventManager->triggerListeners(\'dispatch\', Object(Zend\\Mvc\\MvcEvent), Object(Closure))
#13 /var/www/html/Enventory/vendor/zendframework/zendframework/library/Zend/Mvc/Controller/AbstractController.php(117): Zend\\EventManager\\EventManager->trigger(\'dispatch\', Object(Zend\\Mvc\\MvcEvent), Object(Closure))
#14 /var/www/html/Enventory/vendor/zendframework/zendframework/library/Zend/Mvc/Controller/Plugin/Forward.php(138): Zend\\Mvc\\Controller\\AbstractController->dispatch(Object(Zend\\Http\\PhpEnvironment\\Request), Object(Zend\\Http\\PhpEnvironment\\Response))
#15 /var/www/html/Enventory/vendor/zf-commons/zfc-user/src/ZfcUser/Controller/UserController.php(106): Zend\\Mvc\\Controller\\Plugin\\Forward->dispatch(\'zfcuser\', Array)
#16 /var/www/html/Enventory/vendor/zendframework/zendframework/library/Zend/Mvc/Controller/AbstractActionController.php(83): ZfcUser\\Controller\\UserController->loginAction()
#17 [internal function]: Zend\\Mvc\\Controller\\AbstractActionController->onDispatch(Object(Zend\\Mvc\\MvcEvent))
#18 /var/www/html/Enventory/vendor/zendframework/zendframework/library/Zend/EventManager/EventManager.php(468): call_user_func(Array, Object(Zend\\Mvc\\MvcEvent))
#19 /var/www/html/Enventory/vendor/zendframework/zendframework/library/Zend/EventManager/EventManager.php(207): Zend\\EventManager\\EventManager->triggerListeners(\'dispatch\', Object(Zend\\Mvc\\MvcEvent), Object(Closure))
#20 /var/www/html/Enventory/vendor/zendframework/zendframework/library/Zend/Mvc/Controller/AbstractController.php(117): Zend\\EventManager\\EventManager->trigger(\'dispatch\', Object(Zend\\Mvc\\MvcEvent), Object(Closure))
#21 /var/www/html/Enventory/vendor/zendframework/zendframework/library/Zend/Mvc/DispatchListener.php(114): Zend\\Mvc\\Controller\\AbstractController->dispatch(Object(Zend\\Http\\PhpEnvironment\\Request), Object(Zend\\Http\\PhpEnvironment\\Response))
#22 [internal function]: Zend\\Mvc\\DispatchListener->onDispatch(Object(Zend\\Mvc\\MvcEvent))
#23 /var/www/html/Enventory/vendor/zendframework/zendframework/library/Zend/EventManager/EventManager.php(468): call_user_func(Array, Object(Zend\\Mvc\\MvcEvent))
#24 /var/www/html/Enventory/vendor/zendframework/zendframework/library/Zend/EventManager/EventManager.php(207): Zend\\EventManager\\EventManager->triggerListeners(\'dispatch\', Object(Zend\\Mvc\\MvcEvent), Object(Closure))
#25 /var/www/html/Enventory/vendor/zendframework/zendframework/library/Zend/Mvc/Application.php(309): Zend\\EventManager\\EventManager->trigger(\'dispatch\', Object(Zend\\Mvc\\MvcEvent), Object(Closure))
#26 /var/www/html/Enventory/php/index.php(21): Zend\\Mvc\\Application->run()
#27 {main}',
  5 => 'gcrebassa authentication failed: 0x51 (Can\'t contact LDAP server; TLS error -8179:Peer\'s Certificate issuer is not recognized.): ldaps://wbrusdc01.has.be.soprabanking',
)
2014-12-26T15:22:01+01:00 NOTICE (5): Attempting bind with ldap
2014-12-26T15:22:01+01:00 NOTICE (5): Bind successful setting active server.
2014-12-26T15:22:01+01:00 NOTICE (5): Attempting to authenticate gcrebassa
2014-12-26T15:22:01+01:00 NOTICE (5): gcrebassa logged in successfully!
2014-12-26T15:22:01+01:00 NOTICE (5): Attempting bind with ldap
2014-12-26T15:22:01+01:00 NOTICE (5): Bind successful setting active server.
2014-12-26T15:22:01+01:00 NOTICE (5): Attempting to get username entry: uid=gcrebassa,DC=emea,DC=msad,DC=sopra against the active ldap server
2014-12-26T15:22:01+01:00 DEBUG (7): Raw Ldap Object: 'uid=gcrebassa,DC=emea,DC=msad,DC=sopra'
2014-12-26T15:22:01+01:00 DEBUG (7): Raw Ldap Object: NULL
2014-12-26T15:22:01+01:00 NOTICE (5): Username entry lookup response: NULL
2014-12-26T15:22:08+01:00 NOTICE (5): Attempting bind with ldap
2014-12-26T15:22:08+01:00 NOTICE (5): Bind successful setting active server.
2014-12-26T15:22:08+01:00 NOTICE (5): Attempting to authenticate gcrebassa
2014-12-26T15:22:08+01:00 NOTICE (5): gcrebassa AUTHENTICATION FAILED!, error output: array (
  0 => 'Invalid credentials',
  1 => '0x31 (Invalid credentials; 80090308: LdapErr: DSID-0C0903A9, comment: AcceptSecurityContext error, data 52e, v1db1): EMEAAD\\gcrebassa',
  2 => 'host=wbrusdc01.has.be.soprabanking,useStartTls=,bindRequiresDn=,accountDomainName=has.be.soprabanking,accountDomainNameShort=EMEAAD,accountCanonicalForm=3,baseDn=DC=emea,DC=msad,DC=sopra',
  3 => 'gcrebassa authentication failed: 0x31 (Invalid credentials; 80090308: LdapErr: DSID-0C0903A9, comment: AcceptSecurityContext error, data 52e, v1db1): EMEAAD\\gcrebassa',
)
2014-12-26T15:53:35+01:00 NOTICE (5): Attempting bind with ldap
2014-12-26T15:53:35+01:00 NOTICE (5): Bind successful setting active server.
2014-12-26T15:53:35+01:00 NOTICE (5): Attempting to authenticate gcrebassa
2014-12-26T15:53:35+01:00 NOTICE (5): gcrebassa logged in successfully!
2014-12-26T15:53:35+01:00 NOTICE (5): Attempting bind with ldap
2014-12-26T15:53:35+01:00 NOTICE (5): Bind successful setting active server.
2014-12-26T15:53:35+01:00 NOTICE (5): Attempting to get username entry: uid=gcrebassa,DC=emea,DC=msad,DC=sopra against the active ldap server
2014-12-26T15:53:35+01:00 DEBUG (7): Raw Ldap Object: 'uid=gcrebassa,DC=emea,DC=msad,DC=sopra'
2014-12-26T15:53:35+01:00 DEBUG (7): Raw Ldap Object: NULL
2014-12-26T15:53:35+01:00 NOTICE (5): Username entry lookup response: NULL
